2025-09-13 14:14:34,793:INFO:Webcam successfully opened
2025-09-13 14:14:38,108:DEBUG:Creating converter from 3 to 5
2025-09-13 14:14:39,253:DEBUG:Loaded face embedding for 'aditya.jpg'
2025-09-13 14:14:39,256:INFO:Total registered faces loaded: 1
2025-09-13 14:14:40,138:DEBUG:Recognition distance: 3.7668, matched: Unknown
2025-09-13 14:14:40,138:INFO:Unknown face detected
2025-09-13 14:14:43,225:DEBUG:Releasing camera capture on frame clear
2025-09-13 14:15:25,861:INFO:Saved new registration for Sanmit Moundekar
2025-09-13 14:15:26,345:DEBUG:Loaded face embedding for 'aditya.jpg'
2025-09-13 14:15:26,816:DEBUG:Loaded face embedding for 'Sanmit Moundekar.jpg'
2025-09-13 14:15:26,817:INFO:Total registered faces loaded: 2
2025-09-13 14:15:29,155:DEBUG:Releasing camera capture on frame clear
2025-09-13 14:15:32,053:INFO:Webcam successfully opened
2025-09-13 14:15:33,279:DEBUG:Loaded face embedding for 'aditya.jpg'
2025-09-13 14:15:33,785:DEBUG:Loaded face embedding for 'Sanmit Moundekar.jpg'
2025-09-13 14:15:33,785:INFO:Total registered faces loaded: 2
2025-09-13 14:15:34,585:DEBUG:Recognition distance: 9.7853, matched: Unknown
2025-09-13 14:15:34,585:INFO:Unknown face detected
2025-09-13 14:15:37,338:DEBUG:Releasing camera capture on frame clear
2025-09-13 14:15:46,385:DEBUG:Releasing camera capture on frame clear
2025-09-13 14:15:48,176:INFO:Webcam successfully opened
2025-09-13 14:15:48,655:DEBUG:Loaded face embedding for 'aditya.jpg'
2025-09-13 14:15:49,115:DEBUG:Loaded face embedding for 'Sanmit Moundekar.jpg'
2025-09-13 14:15:49,115:INFO:Total registered faces loaded: 2
2025-09-13 14:15:49,890:DEBUG:Recognition distance: 3.9229, matched: Unknown
2025-09-13 14:15:49,890:INFO:Unknown face detected
2025-09-13 14:15:52,133:DEBUG:Releasing camera capture on frame clear
2025-09-13 14:15:55,682:DEBUG:Releasing camera on app close
2025-09-13 14:31:57,405:INFO:Webcam successfully opened
2025-09-13 14:32:01,123:DEBUG:Creating converter from 3 to 5
2025-09-13 14:32:03,266:ERROR:Recognition error: Exception while loading C:\Users\DELL\AppData\Local\Temp\tmps24k5sh9.jpg
2025-09-13 14:32:03,366:ERROR:Recognition error: Exception while loading C:\Users\DELL\AppData\Local\Temp\tmpesvq4y69.jpg
2025-09-13 14:32:03,453:ERROR:Recognition error: Exception while loading C:\Users\DELL\AppData\Local\Temp\tmpx9tds8qf.jpg
2025-09-13 14:32:03,575:ERROR:Recognition error: Exception while loading C:\Users\DELL\AppData\Local\Temp\tmperd4srrr.jpg
2025-09-13 14:32:03,651:ERROR:Recognition error: Exception while loading C:\Users\DELL\AppData\Local\Temp\tmpndjktv60.jpg
2025-09-13 14:32:03,741:ERROR:Recognition error: Exception while loading C:\Users\DELL\AppData\Local\Temp\tmpincljjen.jpg
2025-09-13 14:32:03,833:ERROR:Recognition error: Exception while loading C:\Users\DELL\AppData\Local\Temp\tmpyp44acd1.jpg
2025-09-13 14:32:03,931:ERROR:Recognition error: Exception while loading C:\Users\DELL\AppData\Local\Temp\tmp1gav247r.jpg
2025-09-13 14:32:04,036:ERROR:Recognition error: Exception while loading C:\Users\DELL\AppData\Local\Temp\tmpygypenyp.jpg
2025-09-13 14:32:04,140:ERROR:Recognition error: Exception while loading C:\Users\DELL\AppData\Local\Temp\tmp03kc1nt7.jpg
2025-09-13 14:32:04,227:ERROR:Recognition error: Exception while loading C:\Users\DELL\AppData\Local\Temp\tmp8s7ykygr.jpg
2025-09-13 14:32:04,312:ERROR:Recognition error: Exception while loading C:\Users\DELL\AppData\Local\Temp\tmpu5sm99jr.jpg
2025-09-13 14:32:04,383:ERROR:Recognition error: Exception while loading C:\Users\DELL\AppData\Local\Temp\tmpa6novq01.jpg
2025-09-13 14:32:04,470:ERROR:Recognition error: Exception while loading C:\Users\DELL\AppData\Local\Temp\tmpf1l5an6g.jpg
2025-09-13 14:32:04,564:ERROR:Recognition error: Exception while loading C:\Users\DELL\AppData\Local\Temp\tmp0rxq383w.jpg
2025-09-13 14:32:04,654:ERROR:Recognition error: Exception while loading C:\Users\DELL\AppData\Local\Temp\tmpptv0tgaz.jpg
2025-09-13 14:32:04,735:ERROR:Recognition error: Exception while loading C:\Users\DELL\AppData\Local\Temp\tmpdjwcp0lt.jpg
2025-09-13 14:32:04,818:ERROR:Recognition error: Exception while loading C:\Users\DELL\AppData\Local\Temp\tmpjgew6i92.jpg
2025-09-13 14:32:04,896:ERROR:Recognition error: Exception while loading C:\Users\DELL\AppData\Local\Temp\tmp6t420zab.jpg
2025-09-13 14:32:04,984:ERROR:Recognition error: Exception while loading C:\Users\DELL\AppData\Local\Temp\tmp0nmqrvx4.jpg
2025-09-13 14:32:05,077:ERROR:Recognition error: Exception while loading C:\Users\DELL\AppData\Local\Temp\tmpxd0w1bow.jpg
2025-09-13 14:32:05,157:ERROR:Recognition error: Exception while loading C:\Users\DELL\AppData\Local\Temp\tmp3vx1fuj8.jpg
2025-09-13 14:32:05,241:ERROR:Recognition error: Exception while loading C:\Users\DELL\AppData\Local\Temp\tmpx9p_75fh.jpg
2025-09-13 14:32:05,322:ERROR:Recognition error: Exception while loading C:\Users\DELL\AppData\Local\Temp\tmp66a6u9js.jpg
2025-09-13 14:32:05,410:ERROR:Recognition error: Exception while loading C:\Users\DELL\AppData\Local\Temp\tmpcs50kcg_.jpg
2025-09-13 14:32:05,497:ERROR:Recognition error: Exception while loading C:\Users\DELL\AppData\Local\Temp\tmpsowsbl59.jpg
2025-09-13 14:32:05,581:ERROR:Recognition error: Exception while loading C:\Users\DELL\AppData\Local\Temp\tmpveu454_n.jpg
2025-09-13 14:32:05,668:ERROR:Recognition error: Exception while loading C:\Users\DELL\AppData\Local\Temp\tmpibk87_cz.jpg
2025-09-13 14:32:05,757:ERROR:Recognition error: Exception while loading C:\Users\DELL\AppData\Local\Temp\tmp3v88t5ko.jpg
2025-09-13 14:32:05,841:ERROR:Recognition error: Exception while loading C:\Users\DELL\AppData\Local\Temp\tmp9bol6i74.jpg
2025-09-13 14:32:05,936:ERROR:Recognition error: Exception while loading C:\Users\DELL\AppData\Local\Temp\tmptw06uakt.jpg
2025-09-13 14:32:06,019:ERROR:Recognition error: Exception while loading C:\Users\DELL\AppData\Local\Temp\tmp_0oecp3w.jpg
2025-09-13 14:32:06,112:ERROR:Recognition error: Exception while loading C:\Users\DELL\AppData\Local\Temp\tmpqxpfao07.jpg
2025-09-13 14:32:06,191:ERROR:Recognition error: Exception while loading C:\Users\DELL\AppData\Local\Temp\tmpl6p1gd7l.jpg
2025-09-13 14:32:06,276:ERROR:Recognition error: Exception while loading C:\Users\DELL\AppData\Local\Temp\tmp2j_vnafn.jpg
2025-09-13 14:32:06,370:ERROR:Recognition error: Exception while loading C:\Users\DELL\AppData\Local\Temp\tmpdy_plpy3.jpg
2025-09-13 14:32:06,468:ERROR:Recognition error: Exception while loading C:\Users\DELL\AppData\Local\Temp\tmpbwpnull2.jpg
2025-09-13 14:32:06,562:ERROR:Recognition error: Exception while loading C:\Users\DELL\AppData\Local\Temp\tmpbx_4c5el.jpg
2025-09-13 14:32:06,651:ERROR:Recognition error: Exception while loading C:\Users\DELL\AppData\Local\Temp\tmpm1newk8z.jpg
2025-09-13 14:32:06,728:ERROR:Recognition error: Exception while loading C:\Users\DELL\AppData\Local\Temp\tmpkq0nh4dg.jpg
2025-09-13 14:32:06,833:ERROR:Recognition error: Exception while loading C:\Users\DELL\AppData\Local\Temp\tmp2tmmb5n_.jpg
2025-09-13 14:32:06,924:ERROR:Recognition error: Exception while loading C:\Users\DELL\AppData\Local\Temp\tmpddsr6c3z.jpg
2025-09-13 14:32:07,004:ERROR:Recognition error: Exception while loading C:\Users\DELL\AppData\Local\Temp\tmp06j53kag.jpg
2025-09-13 14:32:07,083:ERROR:Recognition error: Exception while loading C:\Users\DELL\AppData\Local\Temp\tmp5xm5mj2p.jpg
2025-09-13 14:32:07,188:ERROR:Recognition error: Exception while loading C:\Users\DELL\AppData\Local\Temp\tmp8kgnox9p.jpg
2025-09-13 14:32:07,285:ERROR:Recognition error: Exception while loading C:\Users\DELL\AppData\Local\Temp\tmpqst5i1mv.jpg
2025-09-13 14:32:07,383:ERROR:Recognition error: Exception while loading C:\Users\DELL\AppData\Local\Temp\tmpl6jgoini.jpg
2025-09-13 14:32:07,483:ERROR:Recognition error: Exception while loading C:\Users\DELL\AppData\Local\Temp\tmpfu3o50b5.jpg
2025-09-13 14:32:07,582:ERROR:Recognition error: Exception while loading C:\Users\DELL\AppData\Local\Temp\tmpv98j55fa.jpg
2025-09-13 14:32:07,684:ERROR:Recognition error: Exception while loading C:\Users\DELL\AppData\Local\Temp\tmpjif34kfa.jpg
2025-09-13 14:32:07,775:ERROR:Recognition error: Exception while loading C:\Users\DELL\AppData\Local\Temp\tmpuidmzhea.jpg
2025-09-13 14:32:07,871:ERROR:Recognition error: Exception while loading C:\Users\DELL\AppData\Local\Temp\tmpl627l_eu.jpg
2025-09-13 14:32:07,951:ERROR:Recognition error: Exception while loading C:\Users\DELL\AppData\Local\Temp\tmp4t38_n2a.jpg
2025-09-13 14:32:08,049:ERROR:Recognition error: Exception while loading C:\Users\DELL\AppData\Local\Temp\tmpjtrnahdg.jpg
2025-09-13 14:32:08,145:ERROR:Recognition error: Exception while loading C:\Users\DELL\AppData\Local\Temp\tmp4o1tjpq0.jpg
2025-09-13 14:32:08,228:ERROR:Recognition error: Exception while loading C:\Users\DELL\AppData\Local\Temp\tmpaxkfa7ka.jpg
2025-09-13 14:32:08,311:ERROR:Recognition error: Exception while loading C:\Users\DELL\AppData\Local\Temp\tmpglwaz2sh.jpg
2025-09-13 14:32:08,425:ERROR:Recognition error: Exception while loading C:\Users\DELL\AppData\Local\Temp\tmprngupooa.jpg
2025-09-13 14:32:08,523:ERROR:Recognition error: Exception while loading C:\Users\DELL\AppData\Local\Temp\tmpdb_1ribp.jpg
2025-09-13 14:32:08,619:ERROR:Recognition error: Exception while loading C:\Users\DELL\AppData\Local\Temp\tmpbhb1twgo.jpg
2025-09-13 14:32:08,691:ERROR:Recognition error: Exception while loading C:\Users\DELL\AppData\Local\Temp\tmpd3qt7ah1.jpg
2025-09-13 14:32:08,766:ERROR:Recognition error: Exception while loading C:\Users\DELL\AppData\Local\Temp\tmp5m0dk10w.jpg
2025-09-13 14:32:08,861:ERROR:Recognition error: Exception while loading C:\Users\DELL\AppData\Local\Temp\tmp3x841dd6.jpg
2025-09-13 14:32:08,963:ERROR:Recognition error: Exception while loading C:\Users\DELL\AppData\Local\Temp\tmpasz1a150.jpg
2025-09-13 14:32:09,058:ERROR:Recognition error: Exception while loading C:\Users\DELL\AppData\Local\Temp\tmpuywm_raz.jpg
2025-09-13 14:32:09,147:ERROR:Recognition error: Exception while loading C:\Users\DELL\AppData\Local\Temp\tmpvb1elgxe.jpg
2025-09-13 14:32:09,235:ERROR:Recognition error: Exception while loading C:\Users\DELL\AppData\Local\Temp\tmpi4cr5lmj.jpg
2025-09-13 14:32:09,323:ERROR:Recognition error: Exception while loading C:\Users\DELL\AppData\Local\Temp\tmpi7sk49k9.jpg
2025-09-13 14:32:09,403:ERROR:Recognition error: Exception while loading C:\Users\DELL\AppData\Local\Temp\tmpyu511uh6.jpg
2025-09-13 14:32:09,507:ERROR:Recognition error: Exception while loading C:\Users\DELL\AppData\Local\Temp\tmps5xtxen0.jpg
2025-09-13 14:32:09,593:ERROR:Recognition error: Exception while loading C:\Users\DELL\AppData\Local\Temp\tmp5i6k6iv0.jpg
2025-09-13 14:32:09,676:ERROR:Recognition error: Exception while loading C:\Users\DELL\AppData\Local\Temp\tmpvzuu626_.jpg
2025-09-13 14:32:09,758:ERROR:Recognition error: Exception while loading C:\Users\DELL\AppData\Local\Temp\tmp8p0uuf04.jpg
2025-09-13 14:32:09,841:ERROR:Recognition error: Exception while loading C:\Users\DELL\AppData\Local\Temp\tmpdso91qkk.jpg
2025-09-13 14:32:09,921:ERROR:Recognition error: Exception while loading C:\Users\DELL\AppData\Local\Temp\tmp1a3nuz1w.jpg
2025-09-13 14:32:09,997:ERROR:Recognition error: Exception while loading C:\Users\DELL\AppData\Local\Temp\tmp4uzshu8f.jpg
2025-09-13 14:32:10,086:ERROR:Recognition error: Exception while loading C:\Users\DELL\AppData\Local\Temp\tmpd0y2d2gj.jpg
2025-09-13 14:32:10,170:ERROR:Recognition error: Exception while loading C:\Users\DELL\AppData\Local\Temp\tmpqvunctzo.jpg
2025-09-13 14:32:10,247:ERROR:Recognition error: Exception while loading C:\Users\DELL\AppData\Local\Temp\tmp0aizqh4t.jpg
2025-09-13 14:32:10,330:ERROR:Recognition error: Exception while loading C:\Users\DELL\AppData\Local\Temp\tmpboy7jz3y.jpg
2025-09-13 14:32:10,416:ERROR:Recognition error: Exception while loading C:\Users\DELL\AppData\Local\Temp\tmpchv69t_i.jpg
2025-09-13 14:32:10,514:ERROR:Recognition error: Exception while loading C:\Users\DELL\AppData\Local\Temp\tmpmqin0wv1.jpg
2025-09-13 14:32:10,608:ERROR:Recognition error: Exception while loading C:\Users\DELL\AppData\Local\Temp\tmpqdokw34v.jpg
2025-09-13 14:32:10,695:ERROR:Recognition error: Exception while loading C:\Users\DELL\AppData\Local\Temp\tmplg7vdp_k.jpg
2025-09-13 14:32:10,791:ERROR:Recognition error: Exception while loading C:\Users\DELL\AppData\Local\Temp\tmpg4nhblxl.jpg
2025-09-13 14:32:10,891:ERROR:Recognition error: Exception while loading C:\Users\DELL\AppData\Local\Temp\tmpj5pxepuk.jpg
2025-09-13 14:32:10,986:ERROR:Recognition error: Exception while loading C:\Users\DELL\AppData\Local\Temp\tmpdpkrxp4r.jpg
2025-09-13 14:32:11,069:ERROR:Recognition error: Exception while loading C:\Users\DELL\AppData\Local\Temp\tmp4k9w_v4e.jpg
2025-09-13 14:32:11,163:ERROR:Recognition error: Exception while loading C:\Users\DELL\AppData\Local\Temp\tmpt64szt2d.jpg
2025-09-13 14:32:11,251:ERROR:Recognition error: Exception while loading C:\Users\DELL\AppData\Local\Temp\tmpsyloodhk.jpg
2025-09-13 14:32:11,356:ERROR:Recognition error: Exception while loading C:\Users\DELL\AppData\Local\Temp\tmp40tqt79o.jpg
2025-09-13 14:32:11,442:ERROR:Recognition error: Exception while loading C:\Users\DELL\AppData\Local\Temp\tmpj5l5l2_s.jpg
2025-09-13 14:32:11,541:ERROR:Recognition error: Exception while loading C:\Users\DELL\AppData\Local\Temp\tmpldvzohl6.jpg
2025-09-13 14:32:11,647:ERROR:Recognition error: Exception while loading C:\Users\DELL\AppData\Local\Temp\tmpifx7xm9b.jpg
2025-09-13 14:32:11,752:ERROR:Recognition error: Exception while loading C:\Users\DELL\AppData\Local\Temp\tmpwxdm6nm2.jpg
2025-09-13 14:32:11,843:ERROR:Recognition error: Exception while loading C:\Users\DELL\AppData\Local\Temp\tmpb1nmbiah.jpg
2025-09-13 14:32:11,931:ERROR:Recognition error: Exception while loading C:\Users\DELL\AppData\Local\Temp\tmpzb_9jgkg.jpg
2025-09-13 14:32:12,040:ERROR:Recognition error: Exception while loading C:\Users\DELL\AppData\Local\Temp\tmpfb4u_e9p.jpg
2025-09-13 14:32:12,127:ERROR:Recognition error: Exception while loading C:\Users\DELL\AppData\Local\Temp\tmp23g2q0qb.jpg
2025-09-13 14:32:12,229:ERROR:Recognition error: Exception while loading C:\Users\DELL\AppData\Local\Temp\tmpp1puyg95.jpg
2025-09-13 14:32:12,322:ERROR:Recognition error: Exception while loading C:\Users\DELL\AppData\Local\Temp\tmp3he5_l9u.jpg
2025-09-13 14:32:12,403:ERROR:Recognition error: Exception while loading C:\Users\DELL\AppData\Local\Temp\tmp22wl8qqx.jpg
2025-09-13 14:32:12,491:ERROR:Recognition error: Exception while loading C:\Users\DELL\AppData\Local\Temp\tmp5j5kpc5w.jpg
2025-09-13 14:32:12,587:ERROR:Recognition error: Exception while loading C:\Users\DELL\AppData\Local\Temp\tmp2r8qzc80.jpg
2025-09-13 14:32:12,700:ERROR:Recognition error: Exception while loading C:\Users\DELL\AppData\Local\Temp\tmp2a2zuuh7.jpg
2025-09-13 14:32:12,777:ERROR:Recognition error: Exception while loading C:\Users\DELL\AppData\Local\Temp\tmp7_n3chdj.jpg
2025-09-13 14:32:12,882:ERROR:Recognition error: Exception while loading C:\Users\DELL\AppData\Local\Temp\tmpdlem7xa_.jpg
2025-09-13 14:32:12,991:ERROR:Recognition error: Exception while loading C:\Users\DELL\AppData\Local\Temp\tmpoqd71imp.jpg
2025-09-13 14:32:13,083:ERROR:Recognition error: Exception while loading C:\Users\DELL\AppData\Local\Temp\tmp4kg_gysf.jpg
2025-09-13 14:32:13,166:ERROR:Recognition error: Exception while loading C:\Users\DELL\AppData\Local\Temp\tmpvn57_o84.jpg
2025-09-13 14:32:13,270:ERROR:Recognition error: Exception while loading C:\Users\DELL\AppData\Local\Temp\tmpvlw39nbh.jpg
2025-09-13 14:32:13,368:ERROR:Recognition error: Exception while loading C:\Users\DELL\AppData\Local\Temp\tmpip7_a7_a.jpg
2025-09-13 14:32:13,451:ERROR:Recognition error: Exception while loading C:\Users\DELL\AppData\Local\Temp\tmp0pa1g38x.jpg
2025-09-13 14:32:13,572:ERROR:Recognition error: Exception while loading C:\Users\DELL\AppData\Local\Temp\tmp7acgzj8c.jpg
2025-09-13 14:32:13,652:ERROR:Recognition error: Exception while loading C:\Users\DELL\AppData\Local\Temp\tmphd9olh61.jpg
2025-09-13 14:32:13,683:DEBUG:Releasing camera capture on frame clear
2025-09-13 14:32:14,002:WARNING:Camera capture object not initialized or released
2025-09-13 14:32:17,692:INFO:Webcam successfully opened
2025-09-13 14:32:18,115:ERROR:Recognition error: Exception while loading C:\Users\DELL\AppData\Local\Temp\tmpj2thcg2w.jpg
2025-09-13 14:32:18,213:ERROR:Recognition error: Exception while loading C:\Users\DELL\AppData\Local\Temp\tmpyxu7y3bb.jpg
2025-09-13 14:32:18,309:ERROR:Recognition error: Exception while loading C:\Users\DELL\AppData\Local\Temp\tmpqsl_yxb4.jpg
2025-09-13 14:32:18,407:ERROR:Recognition error: Exception while loading C:\Users\DELL\AppData\Local\Temp\tmpqetg1dg4.jpg
2025-09-13 14:32:18,514:ERROR:Recognition error: Exception while loading C:\Users\DELL\AppData\Local\Temp\tmpbjjqwr1f.jpg
2025-09-13 14:32:18,604:ERROR:Recognition error: Exception while loading C:\Users\DELL\AppData\Local\Temp\tmpv72yd1m1.jpg
2025-09-13 14:32:18,714:ERROR:Recognition error: Exception while loading C:\Users\DELL\AppData\Local\Temp\tmp8ob93wv0.jpg
2025-09-13 14:32:18,802:ERROR:Recognition error: Exception while loading C:\Users\DELL\AppData\Local\Temp\tmpfc66hmfr.jpg
2025-09-13 14:32:18,906:ERROR:Recognition error: Exception while loading C:\Users\DELL\AppData\Local\Temp\tmpufxzgag2.jpg
2025-09-13 14:32:19,028:ERROR:Recognition error: Exception while loading C:\Users\DELL\AppData\Local\Temp\tmpil1oedyd.jpg
2025-09-13 14:32:19,113:ERROR:Recognition error: Exception while loading C:\Users\DELL\AppData\Local\Temp\tmpitkawn7k.jpg
2025-09-13 14:32:19,215:ERROR:Recognition error: Exception while loading C:\Users\DELL\AppData\Local\Temp\tmpr91au_yn.jpg
2025-09-13 14:32:19,313:ERROR:Recognition error: Exception while loading C:\Users\DELL\AppData\Local\Temp\tmpvfpjxfep.jpg
2025-09-13 14:32:19,412:ERROR:Recognition error: Exception while loading C:\Users\DELL\AppData\Local\Temp\tmpgnhzcfv7.jpg
2025-09-13 14:32:19,498:ERROR:Recognition error: Exception while loading C:\Users\DELL\AppData\Local\Temp\tmpxhb2jg9l.jpg
2025-09-13 14:32:19,578:ERROR:Recognition error: Exception while loading C:\Users\DELL\AppData\Local\Temp\tmp_1cihhib.jpg
2025-09-13 14:32:19,665:ERROR:Recognition error: Exception while loading C:\Users\DELL\AppData\Local\Temp\tmp6618abj0.jpg
2025-09-13 14:32:19,778:ERROR:Recognition error: Exception while loading C:\Users\DELL\AppData\Local\Temp\tmpv480vs8v.jpg
2025-09-13 14:32:19,880:ERROR:Recognition error: Exception while loading C:\Users\DELL\AppData\Local\Temp\tmp8u7srq5v.jpg
2025-09-13 14:32:19,988:ERROR:Recognition error: Exception while loading C:\Users\DELL\AppData\Local\Temp\tmpxn9k4dak.jpg
2025-09-13 14:32:20,075:ERROR:Recognition error: Exception while loading C:\Users\DELL\AppData\Local\Temp\tmp6a9g4xww.jpg
2025-09-13 14:32:20,181:ERROR:Recognition error: Exception while loading C:\Users\DELL\AppData\Local\Temp\tmppk7o_8q_.jpg
2025-09-13 14:32:20,267:ERROR:Recognition error: Exception while loading C:\Users\DELL\AppData\Local\Temp\tmpe8glf_6i.jpg
2025-09-13 14:32:20,372:ERROR:Recognition error: Exception while loading C:\Users\DELL\AppData\Local\Temp\tmpmwvcy3ms.jpg
2025-09-13 14:32:20,474:ERROR:Recognition error: Exception while loading C:\Users\DELL\AppData\Local\Temp\tmpb_w5093l.jpg
2025-09-13 14:32:20,567:ERROR:Recognition error: Exception while loading C:\Users\DELL\AppData\Local\Temp\tmpz64c1qq3.jpg
2025-09-13 14:32:20,657:ERROR:Recognition error: Exception while loading C:\Users\DELL\AppData\Local\Temp\tmpjc8ao8be.jpg
2025-09-13 14:32:20,741:ERROR:Recognition error: Exception while loading C:\Users\DELL\AppData\Local\Temp\tmpqo3h9md8.jpg
2025-09-13 14:32:20,832:ERROR:Recognition error: Exception while loading C:\Users\DELL\AppData\Local\Temp\tmp52zs9tti.jpg
2025-09-13 14:32:20,931:ERROR:Recognition error: Exception while loading C:\Users\DELL\AppData\Local\Temp\tmpk197w4qk.jpg
2025-09-13 14:32:21,041:ERROR:Recognition error: Exception while loading C:\Users\DELL\AppData\Local\Temp\tmp515p0sb9.jpg
2025-09-13 14:32:21,141:ERROR:Recognition error: Exception while loading C:\Users\DELL\AppData\Local\Temp\tmpn5ei5nki.jpg
2025-09-13 14:32:21,241:ERROR:Recognition error: Exception while loading C:\Users\DELL\AppData\Local\Temp\tmpgavnu24g.jpg
2025-09-13 14:32:21,340:ERROR:Recognition error: Exception while loading C:\Users\DELL\AppData\Local\Temp\tmp1iv8dva9.jpg
2025-09-13 14:32:21,428:ERROR:Recognition error: Exception while loading C:\Users\DELL\AppData\Local\Temp\tmpioc82709.jpg
2025-09-13 14:32:21,513:ERROR:Recognition error: Exception while loading C:\Users\DELL\AppData\Local\Temp\tmpcbtqk9wl.jpg
2025-09-13 14:32:21,611:ERROR:Recognition error: Exception while loading C:\Users\DELL\AppData\Local\Temp\tmp_24qo_8_.jpg
2025-09-13 14:32:21,708:ERROR:Recognition error: Exception while loading C:\Users\DELL\AppData\Local\Temp\tmp6cspza83.jpg
2025-09-13 14:32:21,806:ERROR:Recognition error: Exception while loading C:\Users\DELL\AppData\Local\Temp\tmpyx1_70xy.jpg
2025-09-13 14:32:21,890:ERROR:Recognition error: Exception while loading C:\Users\DELL\AppData\Local\Temp\tmp5hkmjw75.jpg
2025-09-13 14:32:21,971:ERROR:Recognition error: Exception while loading C:\Users\DELL\AppData\Local\Temp\tmptj08smx6.jpg
2025-09-13 14:32:22,069:ERROR:Recognition error: Exception while loading C:\Users\DELL\AppData\Local\Temp\tmp3abjwg7v.jpg
2025-09-13 14:32:22,154:ERROR:Recognition error: Exception while loading C:\Users\DELL\AppData\Local\Temp\tmp6cp89per.jpg
2025-09-13 14:32:22,247:ERROR:Recognition error: Exception while loading C:\Users\DELL\AppData\Local\Temp\tmpakhcfkfg.jpg
2025-09-13 14:32:22,350:ERROR:Recognition error: Exception while loading C:\Users\DELL\AppData\Local\Temp\tmps6ccal0l.jpg
2025-09-13 14:32:22,443:ERROR:Recognition error: Exception while loading C:\Users\DELL\AppData\Local\Temp\tmpv1t7kuyb.jpg
2025-09-13 14:32:22,541:ERROR:Recognition error: Exception while loading C:\Users\DELL\AppData\Local\Temp\tmp5txwuv0u.jpg
2025-09-13 14:32:22,641:ERROR:Recognition error: Exception while loading C:\Users\DELL\AppData\Local\Temp\tmp5sadn27c.jpg
2025-09-13 14:32:22,726:ERROR:Recognition error: Exception while loading C:\Users\DELL\AppData\Local\Temp\tmp11syt_hp.jpg
2025-09-13 14:32:22,813:ERROR:Recognition error: Exception while loading C:\Users\DELL\AppData\Local\Temp\tmpb0omf0dz.jpg
2025-09-13 14:32:22,894:ERROR:Recognition error: Exception while loading C:\Users\DELL\AppData\Local\Temp\tmpv3nf410l.jpg
2025-09-13 14:32:22,989:ERROR:Recognition error: Exception while loading C:\Users\DELL\AppData\Local\Temp\tmpv2kfbxna.jpg
2025-09-13 14:32:23,076:ERROR:Recognition error: Exception while loading C:\Users\DELL\AppData\Local\Temp\tmp7nzm54kd.jpg
2025-09-13 14:32:23,171:ERROR:Recognition error: Exception while loading C:\Users\DELL\AppData\Local\Temp\tmpxojq99j8.jpg
2025-09-13 14:32:23,256:ERROR:Recognition error: Exception while loading C:\Users\DELL\AppData\Local\Temp\tmpvzvoq87p.jpg
2025-09-13 14:32:23,348:ERROR:Recognition error: Exception while loading C:\Users\DELL\AppData\Local\Temp\tmpje2b9a8n.jpg
2025-09-13 14:32:23,444:ERROR:Recognition error: Exception while loading C:\Users\DELL\AppData\Local\Temp\tmpc18bajxd.jpg
2025-09-13 14:32:23,544:ERROR:Recognition error: Exception while loading C:\Users\DELL\AppData\Local\Temp\tmpv2cbdhhl.jpg
2025-09-13 14:32:23,635:ERROR:Recognition error: Exception while loading C:\Users\DELL\AppData\Local\Temp\tmp5a4gecnw.jpg
2025-09-13 14:32:23,727:ERROR:Recognition error: Exception while loading C:\Users\DELL\AppData\Local\Temp\tmp02ufsn2y.jpg
2025-09-13 14:32:23,849:ERROR:Recognition error: Exception while loading C:\Users\DELL\AppData\Local\Temp\tmpfpbh5lws.jpg
2025-09-13 14:32:23,940:ERROR:Recognition error: Exception while loading C:\Users\DELL\AppData\Local\Temp\tmppnfxt1z8.jpg
2025-09-13 14:32:24,032:ERROR:Recognition error: Exception while loading C:\Users\DELL\AppData\Local\Temp\tmp50ia_594.jpg
2025-09-13 14:32:24,133:ERROR:Recognition error: Exception while loading C:\Users\DELL\AppData\Local\Temp\tmpcxcc5d5t.jpg
2025-09-13 14:32:24,230:ERROR:Recognition error: Exception while loading C:\Users\DELL\AppData\Local\Temp\tmpg9e6f45_.jpg
2025-09-13 14:32:24,377:ERROR:Recognition error: Exception while loading C:\Users\DELL\AppData\Local\Temp\tmpkvs6hlop.jpg
2025-09-13 14:32:24,463:ERROR:Recognition error: Exception while loading C:\Users\DELL\AppData\Local\Temp\tmpnumhaw94.jpg
2025-09-13 14:32:24,551:ERROR:Recognition error: Exception while loading C:\Users\DELL\AppData\Local\Temp\tmpk9tmm92t.jpg
2025-09-13 14:32:24,622:ERROR:Recognition error: Exception while loading C:\Users\DELL\AppData\Local\Temp\tmp__ddynv3.jpg
2025-09-13 14:32:24,712:ERROR:Recognition error: Exception while loading C:\Users\DELL\AppData\Local\Temp\tmp0gy3m6k9.jpg
2025-09-13 14:32:24,810:ERROR:Recognition error: Exception while loading C:\Users\DELL\AppData\Local\Temp\tmpoiccm_e5.jpg
2025-09-13 14:32:24,907:ERROR:Recognition error: Exception while loading C:\Users\DELL\AppData\Local\Temp\tmpmf2jp385.jpg
2025-09-13 14:32:24,998:ERROR:Recognition error: Exception while loading C:\Users\DELL\AppData\Local\Temp\tmpituylgv3.jpg
2025-09-13 14:32:25,090:ERROR:Recognition error: Exception while loading C:\Users\DELL\AppData\Local\Temp\tmpimd6psmh.jpg
2025-09-13 14:32:25,182:ERROR:Recognition error: Exception while loading C:\Users\DELL\AppData\Local\Temp\tmpco9vfhne.jpg
2025-09-13 14:32:25,293:ERROR:Recognition error: Exception while loading C:\Users\DELL\AppData\Local\Temp\tmp1wugv656.jpg
2025-09-13 14:32:25,377:ERROR:Recognition error: Exception while loading C:\Users\DELL\AppData\Local\Temp\tmpvqzmaqb8.jpg
2025-09-13 14:32:25,468:ERROR:Recognition error: Exception while loading C:\Users\DELL\AppData\Local\Temp\tmpzim9xwu2.jpg
2025-09-13 14:32:25,571:ERROR:Recognition error: Exception while loading C:\Users\DELL\AppData\Local\Temp\tmpndmoj_dn.jpg
2025-09-13 14:32:25,690:ERROR:Recognition error: Exception while loading C:\Users\DELL\AppData\Local\Temp\tmp8h4yhgue.jpg
2025-09-13 14:32:25,779:ERROR:Recognition error: Exception while loading C:\Users\DELL\AppData\Local\Temp\tmp5l74c6yp.jpg
2025-09-13 14:32:25,880:ERROR:Recognition error: Exception while loading C:\Users\DELL\AppData\Local\Temp\tmpchjqwm22.jpg
2025-09-13 14:32:25,973:ERROR:Recognition error: Exception while loading C:\Users\DELL\AppData\Local\Temp\tmp69ctydvk.jpg
2025-09-13 14:32:26,060:ERROR:Recognition error: Exception while loading C:\Users\DELL\AppData\Local\Temp\tmp1xmeky95.jpg
2025-09-13 14:32:26,151:ERROR:Recognition error: Exception while loading C:\Users\DELL\AppData\Local\Temp\tmp384pareh.jpg
2025-09-13 14:32:26,252:ERROR:Recognition error: Exception while loading C:\Users\DELL\AppData\Local\Temp\tmpjhsyfkfg.jpg
2025-09-13 14:32:26,341:ERROR:Recognition error: Exception while loading C:\Users\DELL\AppData\Local\Temp\tmp3u_yqvey.jpg
2025-09-13 14:32:26,420:ERROR:Recognition error: Exception while loading C:\Users\DELL\AppData\Local\Temp\tmp6637n5wp.jpg
2025-09-13 14:32:26,519:ERROR:Recognition error: Exception while loading C:\Users\DELL\AppData\Local\Temp\tmp7m82c1fg.jpg
2025-09-13 14:32:26,610:ERROR:Recognition error: Exception while loading C:\Users\DELL\AppData\Local\Temp\tmpd1ui9ec1.jpg
2025-09-13 14:32:26,710:ERROR:Recognition error: Exception while loading C:\Users\DELL\AppData\Local\Temp\tmptwpbbeuy.jpg
2025-09-13 14:32:26,795:ERROR:Recognition error: Exception while loading C:\Users\DELL\AppData\Local\Temp\tmpqe9qytpu.jpg
2025-09-13 14:32:26,879:ERROR:Recognition error: Exception while loading C:\Users\DELL\AppData\Local\Temp\tmpf383a8lp.jpg
2025-09-13 14:32:26,983:ERROR:Recognition error: Exception while loading C:\Users\DELL\AppData\Local\Temp\tmpcvf3cgaw.jpg
2025-09-13 14:32:27,074:ERROR:Recognition error: Exception while loading C:\Users\DELL\AppData\Local\Temp\tmptsgy2y7e.jpg
2025-09-13 14:32:27,170:ERROR:Recognition error: Exception while loading C:\Users\DELL\AppData\Local\Temp\tmpauzmcw58.jpg
2025-09-13 14:32:27,252:ERROR:Recognition error: Exception while loading C:\Users\DELL\AppData\Local\Temp\tmpv7qp3ro3.jpg
2025-09-13 14:32:27,340:ERROR:Recognition error: Exception while loading C:\Users\DELL\AppData\Local\Temp\tmpq0jw2klf.jpg
2025-09-13 14:32:27,428:ERROR:Recognition error: Exception while loading C:\Users\DELL\AppData\Local\Temp\tmp45r7gtpi.jpg
2025-09-13 14:32:27,523:ERROR:Recognition error: Exception while loading C:\Users\DELL\AppData\Local\Temp\tmp_difp7n0.jpg
2025-09-13 14:32:27,641:ERROR:Recognition error: Exception while loading C:\Users\DELL\AppData\Local\Temp\tmp2xndd4zn.jpg
2025-09-13 14:32:27,735:ERROR:Recognition error: Exception while loading C:\Users\DELL\AppData\Local\Temp\tmpmi1w3rif.jpg
2025-09-13 14:32:27,832:ERROR:Recognition error: Exception while loading C:\Users\DELL\AppData\Local\Temp\tmppshua5pv.jpg
2025-09-13 14:32:27,935:ERROR:Recognition error: Exception while loading C:\Users\DELL\AppData\Local\Temp\tmp3nup8rko.jpg
2025-09-13 14:32:28,039:ERROR:Recognition error: Exception while loading C:\Users\DELL\AppData\Local\Temp\tmpiqwqr263.jpg
2025-09-13 14:32:28,113:ERROR:Recognition error: Exception while loading C:\Users\DELL\AppData\Local\Temp\tmpqguj6raa.jpg
2025-09-13 14:32:28,218:ERROR:Recognition error: Exception while loading C:\Users\DELL\AppData\Local\Temp\tmp_hdu7thj.jpg
2025-09-13 14:32:28,291:ERROR:Recognition error: Exception while loading C:\Users\DELL\AppData\Local\Temp\tmpz0nwr2hj.jpg
2025-09-13 14:32:28,396:ERROR:Recognition error: Exception while loading C:\Users\DELL\AppData\Local\Temp\tmpwdmpi45j.jpg
2025-09-13 14:32:28,494:ERROR:Recognition error: Exception while loading C:\Users\DELL\AppData\Local\Temp\tmpg7jj2jxo.jpg
2025-09-13 14:32:28,579:ERROR:Recognition error: Exception while loading C:\Users\DELL\AppData\Local\Temp\tmprg31x0ae.jpg
2025-09-13 14:32:28,681:ERROR:Recognition error: Exception while loading C:\Users\DELL\AppData\Local\Temp\tmpx2c4mc63.jpg
2025-09-13 14:32:28,781:ERROR:Recognition error: Exception while loading C:\Users\DELL\AppData\Local\Temp\tmp1islv3gl.jpg
2025-09-13 14:32:28,864:ERROR:Recognition error: Exception while loading C:\Users\DELL\AppData\Local\Temp\tmpphm1gcr6.jpg
2025-09-13 14:32:28,956:ERROR:Recognition error: Exception while loading C:\Users\DELL\AppData\Local\Temp\tmpsudkcpm8.jpg
2025-09-13 14:32:29,060:ERROR:Recognition error: Exception while loading C:\Users\DELL\AppData\Local\Temp\tmp6ox5q47e.jpg
2025-09-13 14:32:29,156:ERROR:Recognition error: Exception while loading C:\Users\DELL\AppData\Local\Temp\tmpsfeboaht.jpg
2025-09-13 14:32:29,247:ERROR:Recognition error: Exception while loading C:\Users\DELL\AppData\Local\Temp\tmp1y6jiq_h.jpg
2025-09-13 14:32:29,340:ERROR:Recognition error: Exception while loading C:\Users\DELL\AppData\Local\Temp\tmp3zakxk19.jpg
2025-09-13 14:32:29,428:ERROR:Recognition error: Exception while loading C:\Users\DELL\AppData\Local\Temp\tmp_nntzdmg.jpg
2025-09-13 14:32:29,527:ERROR:Recognition error: Exception while loading C:\Users\DELL\AppData\Local\Temp\tmpzb9mqtsp.jpg
2025-09-13 14:32:29,619:ERROR:Recognition error: Exception while loading C:\Users\DELL\AppData\Local\Temp\tmpy1gbgdqp.jpg
2025-09-13 14:32:29,692:ERROR:Recognition error: Exception while loading C:\Users\DELL\AppData\Local\Temp\tmpyrab_qq8.jpg
2025-09-13 14:32:29,764:ERROR:Recognition error: Exception while loading C:\Users\DELL\AppData\Local\Temp\tmpxf4l3tbo.jpg
2025-09-13 14:32:29,867:ERROR:Recognition error: Exception while loading C:\Users\DELL\AppData\Local\Temp\tmpxw34gm53.jpg
2025-09-13 14:32:29,940:ERROR:Recognition error: Exception while loading C:\Users\DELL\AppData\Local\Temp\tmpj_esvjr4.jpg
2025-09-13 14:32:30,032:ERROR:Recognition error: Exception while loading C:\Users\DELL\AppData\Local\Temp\tmp3jdlt952.jpg
2025-09-13 14:32:30,107:ERROR:Recognition error: Exception while loading C:\Users\DELL\AppData\Local\Temp\tmpx5qay53d.jpg
2025-09-13 14:32:30,195:ERROR:Recognition error: Exception while loading C:\Users\DELL\AppData\Local\Temp\tmpwp0pq4wb.jpg
2025-09-13 14:32:30,292:ERROR:Recognition error: Exception while loading C:\Users\DELL\AppData\Local\Temp\tmpqne927ag.jpg
2025-09-13 14:32:30,373:ERROR:Recognition error: Exception while loading C:\Users\DELL\AppData\Local\Temp\tmpqbpcsoes.jpg
2025-09-13 14:32:30,469:ERROR:Recognition error: Exception while loading C:\Users\DELL\AppData\Local\Temp\tmpt402502s.jpg
2025-09-13 14:32:30,564:ERROR:Recognition error: Exception while loading C:\Users\DELL\AppData\Local\Temp\tmpyxkxtqf6.jpg
2025-09-13 14:32:30,648:ERROR:Recognition error: Exception while loading C:\Users\DELL\AppData\Local\Temp\tmp5iliq7gw.jpg
2025-09-13 14:32:30,745:ERROR:Recognition error: Exception while loading C:\Users\DELL\AppData\Local\Temp\tmpbczup100.jpg
2025-09-13 14:32:30,827:ERROR:Recognition error: Exception while loading C:\Users\DELL\AppData\Local\Temp\tmpmtsyf61s.jpg
2025-09-13 14:32:30,941:ERROR:Recognition error: Exception while loading C:\Users\DELL\AppData\Local\Temp\tmp81olhwol.jpg
2025-09-13 14:32:31,036:ERROR:Recognition error: Exception while loading C:\Users\DELL\AppData\Local\Temp\tmp5tns8h7k.jpg
2025-09-13 14:32:31,129:ERROR:Recognition error: Exception while loading C:\Users\DELL\AppData\Local\Temp\tmp3wvq2nkr.jpg
2025-09-13 14:32:31,226:ERROR:Recognition error: Exception while loading C:\Users\DELL\AppData\Local\Temp\tmpqjiwjbtb.jpg
2025-09-13 14:32:31,323:ERROR:Recognition error: Exception while loading C:\Users\DELL\AppData\Local\Temp\tmpihcwv8p6.jpg
2025-09-13 14:32:31,406:ERROR:Recognition error: Exception while loading C:\Users\DELL\AppData\Local\Temp\tmpy2k5x6g7.jpg
2025-09-13 14:32:31,491:ERROR:Recognition error: Exception while loading C:\Users\DELL\AppData\Local\Temp\tmpnowln9yn.jpg
2025-09-13 14:32:31,573:ERROR:Recognition error: Exception while loading C:\Users\DELL\AppData\Local\Temp\tmpnjr5wl6_.jpg
2025-09-13 14:32:31,659:ERROR:Recognition error: Exception while loading C:\Users\DELL\AppData\Local\Temp\tmp6gpqv3rq.jpg
2025-09-13 14:32:31,756:ERROR:Recognition error: Exception while loading C:\Users\DELL\AppData\Local\Temp\tmppb3km_sb.jpg
2025-09-13 14:32:31,865:ERROR:Recognition error: Exception while loading C:\Users\DELL\AppData\Local\Temp\tmp6t581wxv.jpg
2025-09-13 14:32:31,956:ERROR:Recognition error: Exception while loading C:\Users\DELL\AppData\Local\Temp\tmprcrvk8vu.jpg
2025-09-13 14:32:32,059:ERROR:Recognition error: Exception while loading C:\Users\DELL\AppData\Local\Temp\tmpcpcefjjm.jpg
2025-09-13 14:32:32,152:ERROR:Recognition error: Exception while loading C:\Users\DELL\AppData\Local\Temp\tmpp_26lq7h.jpg
2025-09-13 14:32:32,231:ERROR:Recognition error: Exception while loading C:\Users\DELL\AppData\Local\Temp\tmpuzn9r8kd.jpg
2025-09-13 14:32:32,320:ERROR:Recognition error: Exception while loading C:\Users\DELL\AppData\Local\Temp\tmp7xvz9u8y.jpg
2025-09-13 14:32:32,413:ERROR:Recognition error: Exception while loading C:\Users\DELL\AppData\Local\Temp\tmpov7ybjxs.jpg
2025-09-13 14:32:32,511:ERROR:Recognition error: Exception while loading C:\Users\DELL\AppData\Local\Temp\tmp2gjo2ea5.jpg
2025-09-13 14:32:32,613:ERROR:Recognition error: Exception while loading C:\Users\DELL\AppData\Local\Temp\tmpeub7j9o7.jpg
2025-09-13 14:32:32,706:ERROR:Recognition error: Exception while loading C:\Users\DELL\AppData\Local\Temp\tmpezdvp67p.jpg
2025-09-13 14:32:32,803:ERROR:Recognition error: Exception while loading C:\Users\DELL\AppData\Local\Temp\tmpgqq2xvqd.jpg
2025-09-13 14:32:32,917:ERROR:Recognition error: Exception while loading C:\Users\DELL\AppData\Local\Temp\tmpby0c81gc.jpg
2025-09-13 14:32:33,028:ERROR:Recognition error: Exception while loading C:\Users\DELL\AppData\Local\Temp\tmppqmlkjb2.jpg
2025-09-13 14:32:33,121:ERROR:Recognition error: Exception while loading C:\Users\DELL\AppData\Local\Temp\tmpp8dnm691.jpg
2025-09-13 14:32:33,221:ERROR:Recognition error: Exception while loading C:\Users\DELL\AppData\Local\Temp\tmpo0vr0k_j.jpg
2025-09-13 14:32:33,322:ERROR:Recognition error: Exception while loading C:\Users\DELL\AppData\Local\Temp\tmpv2ht5i_u.jpg
2025-09-13 14:32:33,422:ERROR:Recognition error: Exception while loading C:\Users\DELL\AppData\Local\Temp\tmpuqbz3rj4.jpg
2025-09-13 14:32:33,523:ERROR:Recognition error: Exception while loading C:\Users\DELL\AppData\Local\Temp\tmp4grtqy5k.jpg
2025-09-13 14:32:33,613:ERROR:Recognition error: Exception while loading C:\Users\DELL\AppData\Local\Temp\tmph0c5ewlp.jpg
2025-09-13 14:32:33,743:ERROR:Recognition error: Exception while loading C:\Users\DELL\AppData\Local\Temp\tmpiu4q3ux2.jpg
2025-09-13 14:32:33,824:ERROR:Recognition error: Exception while loading C:\Users\DELL\AppData\Local\Temp\tmp1r397bu7.jpg
2025-09-13 14:32:33,917:ERROR:Recognition error: Exception while loading C:\Users\DELL\AppData\Local\Temp\tmp6p93q1w5.jpg
2025-09-13 14:32:33,990:ERROR:Recognition error: Exception while loading C:\Users\DELL\AppData\Local\Temp\tmp43ydzn_5.jpg
2025-09-13 14:32:34,082:ERROR:Recognition error: Exception while loading C:\Users\DELL\AppData\Local\Temp\tmpi6_3daf6.jpg
2025-09-13 14:32:34,178:ERROR:Recognition error: Exception while loading C:\Users\DELL\AppData\Local\Temp\tmp7ctbz63_.jpg
2025-09-13 14:32:34,292:ERROR:Recognition error: Exception while loading C:\Users\DELL\AppData\Local\Temp\tmpa4_fye_7.jpg
2025-09-13 14:32:34,414:ERROR:Recognition error: Exception while loading C:\Users\DELL\AppData\Local\Temp\tmpoy6nm51i.jpg
2025-09-13 14:32:34,525:ERROR:Recognition error: Exception while loading C:\Users\DELL\AppData\Local\Temp\tmp2krtzgby.jpg
2025-09-13 14:32:34,623:ERROR:Recognition error: Exception while loading C:\Users\DELL\AppData\Local\Temp\tmpgztfo1yf.jpg
2025-09-13 14:32:34,715:ERROR:Recognition error: Exception while loading C:\Users\DELL\AppData\Local\Temp\tmpcs80o0rt.jpg
2025-09-13 14:32:34,796:ERROR:Recognition error: Exception while loading C:\Users\DELL\AppData\Local\Temp\tmp3o4afci1.jpg
2025-09-13 14:32:34,902:ERROR:Recognition error: Exception while loading C:\Users\DELL\AppData\Local\Temp\tmp5vi35tum.jpg
2025-09-13 14:32:34,974:ERROR:Recognition error: Exception while loading C:\Users\DELL\AppData\Local\Temp\tmp3p6r09vy.jpg
2025-09-13 14:32:35,091:ERROR:Recognition error: Exception while loading C:\Users\DELL\AppData\Local\Temp\tmphc937487.jpg
2025-09-13 14:32:35,183:ERROR:Recognition error: Exception while loading C:\Users\DELL\AppData\Local\Temp\tmpq77qq6z1.jpg
2025-09-13 14:32:35,280:ERROR:Recognition error: Exception while loading C:\Users\DELL\AppData\Local\Temp\tmpt1vg9imm.jpg
2025-09-13 14:32:35,391:ERROR:Recognition error: Exception while loading C:\Users\DELL\AppData\Local\Temp\tmpbx07_5gy.jpg
2025-09-13 14:32:35,484:ERROR:Recognition error: Exception while loading C:\Users\DELL\AppData\Local\Temp\tmpuxqbnfdn.jpg
2025-09-13 14:32:35,591:ERROR:Recognition error: Exception while loading C:\Users\DELL\AppData\Local\Temp\tmpqyfmdkdz.jpg
2025-09-13 14:32:35,678:ERROR:Recognition error: Exception while loading C:\Users\DELL\AppData\Local\Temp\tmp_e9jv70n.jpg
2025-09-13 14:32:35,790:ERROR:Recognition error: Exception while loading C:\Users\DELL\AppData\Local\Temp\tmpwn_kwnk5.jpg
2025-09-13 14:32:35,881:ERROR:Recognition error: Exception while loading C:\Users\DELL\AppData\Local\Temp\tmpo56ui9hv.jpg
2025-09-13 14:32:35,962:ERROR:Recognition error: Exception while loading C:\Users\DELL\AppData\Local\Temp\tmpc4qr81z5.jpg
2025-09-13 14:32:36,057:ERROR:Recognition error: Exception while loading C:\Users\DELL\AppData\Local\Temp\tmp7qudd_7l.jpg
2025-09-13 14:32:36,146:ERROR:Recognition error: Exception while loading C:\Users\DELL\AppData\Local\Temp\tmpysxgheor.jpg
2025-09-13 14:32:36,228:ERROR:Recognition error: Exception while loading C:\Users\DELL\AppData\Local\Temp\tmpek0pkfo7.jpg
2025-09-13 14:32:36,315:ERROR:Recognition error: Exception while loading C:\Users\DELL\AppData\Local\Temp\tmp3vvbs5bw.jpg
2025-09-13 14:32:36,403:ERROR:Recognition error: Exception while loading C:\Users\DELL\AppData\Local\Temp\tmpfanx4uel.jpg
2025-09-13 14:32:36,522:ERROR:Recognition error: Exception while loading C:\Users\DELL\AppData\Local\Temp\tmpr3wlw0h9.jpg
2025-09-13 14:32:36,626:ERROR:Recognition error: Exception while loading C:\Users\DELL\AppData\Local\Temp\tmprkinmi79.jpg
2025-09-13 14:32:36,742:ERROR:Recognition error: Exception while loading C:\Users\DELL\AppData\Local\Temp\tmpirx5f6e9.jpg
2025-09-13 14:32:36,856:ERROR:Recognition error: Exception while loading C:\Users\DELL\AppData\Local\Temp\tmpx60e44nu.jpg
2025-09-13 14:32:36,961:ERROR:Recognition error: Exception while loading C:\Users\DELL\AppData\Local\Temp\tmpp377goqi.jpg
2025-09-13 14:32:37,060:ERROR:Recognition error: Exception while loading C:\Users\DELL\AppData\Local\Temp\tmpg28252oo.jpg
2025-09-13 14:32:37,162:ERROR:Recognition error: Exception while loading C:\Users\DELL\AppData\Local\Temp\tmpm9sptsyg.jpg
2025-09-13 14:32:37,259:ERROR:Recognition error: Exception while loading C:\Users\DELL\AppData\Local\Temp\tmp0a3c4v15.jpg
2025-09-13 14:32:37,356:ERROR:Recognition error: Exception while loading C:\Users\DELL\AppData\Local\Temp\tmp5h892zb6.jpg
2025-09-13 14:32:37,471:ERROR:Recognition error: Exception while loading C:\Users\DELL\AppData\Local\Temp\tmp54di3eih.jpg
2025-09-13 14:32:37,573:ERROR:Recognition error: Exception while loading C:\Users\DELL\AppData\Local\Temp\tmp9bp8kgiw.jpg
2025-09-13 14:32:37,668:ERROR:Recognition error: Exception while loading C:\Users\DELL\AppData\Local\Temp\tmp0_p5d0z8.jpg
2025-09-13 14:32:37,791:ERROR:Recognition error: Exception while loading C:\Users\DELL\AppData\Local\Temp\tmpa2z20aip.jpg
2025-09-13 14:32:37,879:ERROR:Recognition error: Exception while loading C:\Users\DELL\AppData\Local\Temp\tmpp1twrof1.jpg
2025-09-13 14:32:37,957:ERROR:Recognition error: Exception while loading C:\Users\DELL\AppData\Local\Temp\tmpx4_h8plw.jpg
2025-09-13 14:32:38,056:ERROR:Recognition error: Exception while loading C:\Users\DELL\AppData\Local\Temp\tmpkb3wy1w5.jpg
2025-09-13 14:32:38,156:ERROR:Recognition error: Exception while loading C:\Users\DELL\AppData\Local\Temp\tmptjc6mqv0.jpg
2025-09-13 14:32:38,240:ERROR:Recognition error: Exception while loading C:\Users\DELL\AppData\Local\Temp\tmpfqkymy17.jpg
2025-09-13 14:32:38,333:ERROR:Recognition error: Exception while loading C:\Users\DELL\AppData\Local\Temp\tmp2d94_lf2.jpg
2025-09-13 14:32:38,431:ERROR:Recognition error: Exception while loading C:\Users\DELL\AppData\Local\Temp\tmp7bplwb97.jpg
2025-09-13 14:32:38,531:ERROR:Recognition error: Exception while loading C:\Users\DELL\AppData\Local\Temp\tmpfsmsurd9.jpg
2025-09-13 14:32:38,633:ERROR:Recognition error: Exception while loading C:\Users\DELL\AppData\Local\Temp\tmpipn7kcfb.jpg
2025-09-13 14:32:38,741:ERROR:Recognition error: Exception while loading C:\Users\DELL\AppData\Local\Temp\tmpchnup7au.jpg
2025-09-13 14:32:38,834:ERROR:Recognition error: Exception while loading C:\Users\DELL\AppData\Local\Temp\tmp5jhxezyt.jpg
2025-09-13 14:32:38,932:ERROR:Recognition error: Exception while loading C:\Users\DELL\AppData\Local\Temp\tmpvsosjai4.jpg
2025-09-13 14:32:39,032:ERROR:Recognition error: Exception while loading C:\Users\DELL\AppData\Local\Temp\tmpe57fwn9k.jpg
2025-09-13 14:32:39,132:ERROR:Recognition error: Exception while loading C:\Users\DELL\AppData\Local\Temp\tmp6k3azw68.jpg
2025-09-13 14:32:39,232:ERROR:Recognition error: Exception while loading C:\Users\DELL\AppData\Local\Temp\tmp7e3htmx9.jpg
2025-09-13 14:32:39,328:ERROR:Recognition error: Exception while loading C:\Users\DELL\AppData\Local\Temp\tmp128tk1gf.jpg
2025-09-13 14:32:39,428:ERROR:Recognition error: Exception while loading C:\Users\DELL\AppData\Local\Temp\tmpf914r97x.jpg
2025-09-13 14:32:39,515:ERROR:Recognition error: Exception while loading C:\Users\DELL\AppData\Local\Temp\tmpzproqpjs.jpg
2025-09-13 14:32:39,595:ERROR:Recognition error: Exception while loading C:\Users\DELL\AppData\Local\Temp\tmpjw5lla96.jpg
2025-09-13 14:32:39,681:ERROR:Recognition error: Exception while loading C:\Users\DELL\AppData\Local\Temp\tmp0gq1j2jn.jpg
2025-09-13 14:32:39,774:ERROR:Recognition error: Exception while loading C:\Users\DELL\AppData\Local\Temp\tmpbt75wleq.jpg
2025-09-13 14:32:39,891:ERROR:Recognition error: Exception while loading C:\Users\DELL\AppData\Local\Temp\tmpnsxbev_3.jpg
2025-09-13 14:32:39,999:ERROR:Recognition error: Exception while loading C:\Users\DELL\AppData\Local\Temp\tmp6a4iinr6.jpg
2025-09-13 14:32:40,091:ERROR:Recognition error: Exception while loading C:\Users\DELL\AppData\Local\Temp\tmptf066fa2.jpg
2025-09-13 14:32:40,190:ERROR:Recognition error: Exception while loading C:\Users\DELL\AppData\Local\Temp\tmp46hrf_y0.jpg
2025-09-13 14:32:40,274:ERROR:Recognition error: Exception while loading C:\Users\DELL\AppData\Local\Temp\tmphp3eku38.jpg
2025-09-13 14:32:40,356:ERROR:Recognition error: Exception while loading C:\Users\DELL\AppData\Local\Temp\tmpa_lprjbl.jpg
2025-09-13 14:32:40,454:ERROR:Recognition error: Exception while loading C:\Users\DELL\AppData\Local\Temp\tmp3bhmqy57.jpg
2025-09-13 14:32:40,551:ERROR:Recognition error: Exception while loading C:\Users\DELL\AppData\Local\Temp\tmpxa0zrxrt.jpg
2025-09-13 14:32:40,631:ERROR:Recognition error: Exception while loading C:\Users\DELL\AppData\Local\Temp\tmpkll0ysjk.jpg
2025-09-13 14:32:40,666:DEBUG:Releasing camera capture on frame clear
2025-09-13 14:32:40,995:WARNING:Camera capture object not initialized or released
2025-09-13 14:36:46,632:INFO:Webcam successfully opened
2025-09-13 14:36:50,808:DEBUG:Creating converter from 3 to 5
2025-09-13 14:36:51,232:ERROR:Recognition error: Exception while loading C:\Users\DELL\AppData\Local\Temp\tmp1cgqo0pq.jpg
2025-09-13 14:36:51,358:ERROR:Recognition error: Exception while loading C:\Users\DELL\AppData\Local\Temp\tmpnwyhcpld.jpg
2025-09-13 14:36:51,462:ERROR:Recognition error: Exception while loading C:\Users\DELL\AppData\Local\Temp\tmpi0zj9fje.jpg
2025-09-13 14:36:51,564:ERROR:Recognition error: Exception while loading C:\Users\DELL\AppData\Local\Temp\tmpelfq8q2b.jpg
2025-09-13 14:36:51,656:ERROR:Recognition error: Exception while loading C:\Users\DELL\AppData\Local\Temp\tmp28bdzw5z.jpg
2025-09-13 14:36:51,753:ERROR:Recognition error: Exception while loading C:\Users\DELL\AppData\Local\Temp\tmpujat368p.jpg
2025-09-13 14:36:51,868:ERROR:Recognition error: Exception while loading C:\Users\DELL\AppData\Local\Temp\tmpif8r3r33.jpg
2025-09-13 14:36:51,951:ERROR:Recognition error: Exception while loading C:\Users\DELL\AppData\Local\Temp\tmpj3jl3zlk.jpg
2025-09-13 14:36:52,034:ERROR:Recognition error: Exception while loading C:\Users\DELL\AppData\Local\Temp\tmpnf59aaaa.jpg
2025-09-13 14:36:52,141:ERROR:Recognition error: Exception while loading C:\Users\DELL\AppData\Local\Temp\tmp_wwwqu7r.jpg
2025-09-13 14:36:52,230:ERROR:Recognition error: Exception while loading C:\Users\DELL\AppData\Local\Temp\tmpgo93tuk_.jpg
2025-09-13 14:36:52,328:ERROR:Recognition error: Exception while loading C:\Users\DELL\AppData\Local\Temp\tmpu_alg422.jpg
2025-09-13 14:36:52,426:ERROR:Recognition error: Exception while loading C:\Users\DELL\AppData\Local\Temp\tmpcdgjavzs.jpg
2025-09-13 14:36:52,520:ERROR:Recognition error: Exception while loading C:\Users\DELL\AppData\Local\Temp\tmpm1kq60qg.jpg
2025-09-13 14:36:52,548:DEBUG:Releasing camera capture on frame clear
2025-09-13 14:36:54,608:ERROR:Recognition error: Exception while loading C:\Users\DELL\AppData\Local\Temp\tmp_998_s2f.jpg
2025-09-13 14:37:01,048:DEBUG:Releasing camera capture on frame clear
2025-09-13 14:37:02,658:INFO:Webcam successfully opened
2025-09-13 14:37:03,091:ERROR:Recognition error: Exception while loading C:\Users\DELL\AppData\Local\Temp\tmpmvyj0h62.jpg
2025-09-13 14:37:03,188:ERROR:Recognition error: Exception while loading C:\Users\DELL\AppData\Local\Temp\tmp6kk24yr8.jpg
2025-09-13 14:37:03,282:ERROR:Recognition error: Exception while loading C:\Users\DELL\AppData\Local\Temp\tmplfhax74g.jpg
2025-09-13 14:37:03,380:ERROR:Recognition error: Exception while loading C:\Users\DELL\AppData\Local\Temp\tmpunhh20cs.jpg
2025-09-13 14:37:03,482:ERROR:Recognition error: Exception while loading C:\Users\DELL\AppData\Local\Temp\tmph0361t1w.jpg
2025-09-13 14:37:03,590:ERROR:Recognition error: Exception while loading C:\Users\DELL\AppData\Local\Temp\tmpwu8xjsnr.jpg
2025-09-13 14:37:03,671:ERROR:Recognition error: Exception while loading C:\Users\DELL\AppData\Local\Temp\tmp3y1xq08q.jpg
2025-09-13 14:37:03,775:ERROR:Recognition error: Exception while loading C:\Users\DELL\AppData\Local\Temp\tmp2khwvzuj.jpg
2025-09-13 14:37:03,884:ERROR:Recognition error: Exception while loading C:\Users\DELL\AppData\Local\Temp\tmpyfu4pimt.jpg
2025-09-13 14:37:03,970:ERROR:Recognition error: Exception while loading C:\Users\DELL\AppData\Local\Temp\tmpbgqa9avu.jpg
2025-09-13 14:37:04,078:ERROR:Recognition error: Exception while loading C:\Users\DELL\AppData\Local\Temp\tmpm750nav6.jpg
2025-09-13 14:37:04,162:ERROR:Recognition error: Exception while loading C:\Users\DELL\AppData\Local\Temp\tmpj_kyzchk.jpg
2025-09-13 14:37:04,260:ERROR:Recognition error: Exception while loading C:\Users\DELL\AppData\Local\Temp\tmpqt74upj7.jpg
2025-09-13 14:37:04,344:ERROR:Recognition error: Exception while loading C:\Users\DELL\AppData\Local\Temp\tmpp4qoyxei.jpg
2025-09-13 14:37:04,438:ERROR:Recognition error: Exception while loading C:\Users\DELL\AppData\Local\Temp\tmpfq9pmss8.jpg
2025-09-13 14:37:04,548:ERROR:Recognition error: Exception while loading C:\Users\DELL\AppData\Local\Temp\tmpix6bix14.jpg
2025-09-13 14:37:04,648:ERROR:Recognition error: Exception while loading C:\Users\DELL\AppData\Local\Temp\tmph39pe22q.jpg
2025-09-13 14:37:04,748:ERROR:Recognition error: Exception while loading C:\Users\DELL\AppData\Local\Temp\tmpdxa2nbdq.jpg
2025-09-13 14:37:04,838:ERROR:Recognition error: Exception while loading C:\Users\DELL\AppData\Local\Temp\tmp79pcd7zf.jpg
2025-09-13 14:37:04,918:ERROR:Recognition error: Exception while loading C:\Users\DELL\AppData\Local\Temp\tmpzmud9grt.jpg
2025-09-13 14:37:05,001:ERROR:Recognition error: Exception while loading C:\Users\DELL\AppData\Local\Temp\tmpst10skke.jpg
2025-09-13 14:37:05,091:ERROR:Recognition error: Exception while loading C:\Users\DELL\AppData\Local\Temp\tmp7b0n26kp.jpg
2025-09-13 14:37:05,192:ERROR:Recognition error: Exception while loading C:\Users\DELL\AppData\Local\Temp\tmpgk0qo0lq.jpg
2025-09-13 14:37:05,291:ERROR:Recognition error: Exception while loading C:\Users\DELL\AppData\Local\Temp\tmpqxprhht5.jpg
2025-09-13 14:37:05,391:ERROR:Recognition error: Exception while loading C:\Users\DELL\AppData\Local\Temp\tmpbrxurgrc.jpg
2025-09-13 14:37:05,490:ERROR:Recognition error: Exception while loading C:\Users\DELL\AppData\Local\Temp\tmpxnlryy94.jpg
2025-09-13 14:37:05,581:ERROR:Recognition error: Exception while loading C:\Users\DELL\AppData\Local\Temp\tmpu1mz_n2x.jpg
2025-09-13 14:37:05,688:ERROR:Recognition error: Exception while loading C:\Users\DELL\AppData\Local\Temp\tmp6nck3tfk.jpg
2025-09-13 14:37:05,803:ERROR:Recognition error: Exception while loading C:\Users\DELL\AppData\Local\Temp\tmpa000pe3o.jpg
2025-09-13 14:37:05,888:ERROR:Recognition error: Exception while loading C:\Users\DELL\AppData\Local\Temp\tmp7suu8hw0.jpg
2025-09-13 14:37:05,919:DEBUG:Releasing camera on app close
2025-09-13 14:47:04,182:INFO:Webcam successfully opened
2025-09-13 14:47:08,019:DEBUG:Creating converter from 3 to 5
2025-09-13 14:47:08,402:ERROR:Recognition error: Exception while loading C:\Users\DELL\AppData\Local\Temp\tmp7wusp8du.jpg
2025-09-13 14:47:08,524:ERROR:Recognition error: Exception while loading C:\Users\DELL\AppData\Local\Temp\tmpdmqrk205.jpg
2025-09-13 14:47:08,620:ERROR:Recognition error: Exception while loading C:\Users\DELL\AppData\Local\Temp\tmpl9tqp7pz.jpg
2025-09-13 14:47:08,715:ERROR:Recognition error: Exception while loading C:\Users\DELL\AppData\Local\Temp\tmp0s6h9mwt.jpg
2025-09-13 14:47:08,820:ERROR:Recognition error: Exception while loading C:\Users\DELL\AppData\Local\Temp\tmpze5dhfbe.jpg
2025-09-13 14:47:08,907:ERROR:Recognition error: Exception while loading C:\Users\DELL\AppData\Local\Temp\tmpgnfn6rqa.jpg
2025-09-13 14:47:08,999:ERROR:Recognition error: Exception while loading C:\Users\DELL\AppData\Local\Temp\tmp5ugd5odc.jpg
2025-09-13 14:47:09,088:ERROR:Recognition error: Exception while loading C:\Users\DELL\AppData\Local\Temp\tmpwns8yfns.jpg
2025-09-13 14:47:09,205:ERROR:Recognition error: Exception while loading C:\Users\DELL\AppData\Local\Temp\tmpj0andxio.jpg
2025-09-13 14:47:09,299:ERROR:Recognition error: Exception while loading C:\Users\DELL\AppData\Local\Temp\tmpvkzgzi3o.jpg
2025-09-13 14:47:09,399:ERROR:Recognition error: Exception while loading C:\Users\DELL\AppData\Local\Temp\tmpbnoal6g8.jpg
2025-09-13 14:47:09,503:ERROR:Recognition error: Exception while loading C:\Users\DELL\AppData\Local\Temp\tmpy3d1laeb.jpg
2025-09-13 14:47:09,601:ERROR:Recognition error: Exception while loading C:\Users\DELL\AppData\Local\Temp\tmpep2fc7ig.jpg
2025-09-13 14:47:09,707:ERROR:Recognition error: Exception while loading C:\Users\DELL\AppData\Local\Temp\tmp7iiufrxf.jpg
2025-09-13 14:47:09,797:ERROR:Recognition error: Exception while loading C:\Users\DELL\AppData\Local\Temp\tmpwuj936yd.jpg
2025-09-13 14:47:09,889:ERROR:Recognition error: Exception while loading C:\Users\DELL\AppData\Local\Temp\tmpfq3h8l8t.jpg
2025-09-13 14:47:09,972:ERROR:Recognition error: Exception while loading C:\Users\DELL\AppData\Local\Temp\tmpsdswpdn7.jpg
2025-09-13 14:47:10,072:ERROR:Recognition error: Exception while loading C:\Users\DELL\AppData\Local\Temp\tmpfx5s27lo.jpg
2025-09-13 14:47:10,154:ERROR:Recognition error: Exception while loading C:\Users\DELL\AppData\Local\Temp\tmpcu2t0cf5.jpg
2025-09-13 14:47:10,237:ERROR:Recognition error: Exception while loading C:\Users\DELL\AppData\Local\Temp\tmpyj558pd1.jpg
2025-09-13 14:47:10,323:ERROR:Recognition error: Exception while loading C:\Users\DELL\AppData\Local\Temp\tmp6sertnjw.jpg
2025-09-13 14:47:10,423:ERROR:Recognition error: Exception while loading C:\Users\DELL\AppData\Local\Temp\tmpsgozkkk_.jpg
2025-09-13 14:47:10,529:ERROR:Recognition error: Exception while loading C:\Users\DELL\AppData\Local\Temp\tmp3boc7oc6.jpg
2025-09-13 14:47:10,614:ERROR:Recognition error: Exception while loading C:\Users\DELL\AppData\Local\Temp\tmpnjp6m80h.jpg
2025-09-13 14:47:10,717:ERROR:Recognition error: Exception while loading C:\Users\DELL\AppData\Local\Temp\tmptkebagjg.jpg
2025-09-13 14:47:10,799:ERROR:Recognition error: Exception while loading C:\Users\DELL\AppData\Local\Temp\tmpaslg2x6c.jpg
2025-09-13 14:47:10,903:ERROR:Recognition error: Exception while loading C:\Users\DELL\AppData\Local\Temp\tmptmkismok.jpg
2025-09-13 14:47:11,005:ERROR:Recognition error: Exception while loading C:\Users\DELL\AppData\Local\Temp\tmp0wlgz5uj.jpg
2025-09-13 14:47:11,114:ERROR:Recognition error: Exception while loading C:\Users\DELL\AppData\Local\Temp\tmp2wimrgse.jpg
2025-09-13 14:47:11,202:ERROR:Recognition error: Exception while loading C:\Users\DELL\AppData\Local\Temp\tmphl1mfrom.jpg
2025-09-13 14:47:11,302:ERROR:Recognition error: Exception while loading C:\Users\DELL\AppData\Local\Temp\tmp1q1lteop.jpg
2025-09-13 14:47:11,390:ERROR:Recognition error: Exception while loading C:\Users\DELL\AppData\Local\Temp\tmp2hyudogk.jpg
2025-09-13 14:47:11,490:ERROR:Recognition error: Exception while loading C:\Users\DELL\AppData\Local\Temp\tmp8ch1p17i.jpg
2025-09-13 14:47:11,576:ERROR:Recognition error: Exception while loading C:\Users\DELL\AppData\Local\Temp\tmpgp5idaxg.jpg
2025-09-13 14:47:11,675:ERROR:Recognition error: Exception while loading C:\Users\DELL\AppData\Local\Temp\tmp8bj5ejau.jpg
2025-09-13 14:47:11,756:ERROR:Recognition error: Exception while loading C:\Users\DELL\AppData\Local\Temp\tmpv197c119.jpg
2025-09-13 14:47:11,854:ERROR:Recognition error: Exception while loading C:\Users\DELL\AppData\Local\Temp\tmp7dup7qnb.jpg
2025-09-13 14:47:11,940:ERROR:Recognition error: Exception while loading C:\Users\DELL\AppData\Local\Temp\tmpsleqprm5.jpg
2025-09-13 14:47:12,038:ERROR:Recognition error: Exception while loading C:\Users\DELL\AppData\Local\Temp\tmp7yhmzs0d.jpg
2025-09-13 14:47:12,126:ERROR:Recognition error: Exception while loading C:\Users\DELL\AppData\Local\Temp\tmp6nlfgwq0.jpg
2025-09-13 14:47:12,156:DEBUG:Releasing camera capture on frame clear
2025-09-13 14:47:14,114:ERROR:Recognition error: Exception while loading C:\Users\DELL\AppData\Local\Temp\tmpreaa0tjn.jpg
2025-09-13 14:47:19,680:DEBUG:Releasing camera capture on frame clear
2025-09-13 14:47:21,160:INFO:Webcam successfully opened
2025-09-13 14:47:21,590:ERROR:Recognition error: Exception while loading C:\Users\DELL\AppData\Local\Temp\tmphd6184l8.jpg
2025-09-13 14:47:21,687:ERROR:Recognition error: Exception while loading C:\Users\DELL\AppData\Local\Temp\tmpfbrovisv.jpg
2025-09-13 14:47:21,784:ERROR:Recognition error: Exception while loading C:\Users\DELL\AppData\Local\Temp\tmpdb1uefcw.jpg
2025-09-13 14:47:21,866:ERROR:Recognition error: Exception while loading C:\Users\DELL\AppData\Local\Temp\tmpzzmie9fj.jpg
2025-09-13 14:47:21,965:ERROR:Recognition error: Exception while loading C:\Users\DELL\AppData\Local\Temp\tmphfriz2xv.jpg
2025-09-13 14:47:22,083:ERROR:Recognition error: Exception while loading C:\Users\DELL\AppData\Local\Temp\tmpc5rari37.jpg
2025-09-13 14:47:22,182:ERROR:Recognition error: Exception while loading C:\Users\DELL\AppData\Local\Temp\tmpiz_kb22f.jpg
2025-09-13 14:47:22,291:ERROR:Recognition error: Exception while loading C:\Users\DELL\AppData\Local\Temp\tmpx4yqlang.jpg
2025-09-13 14:47:22,374:ERROR:Recognition error: Exception while loading C:\Users\DELL\AppData\Local\Temp\tmpldgeh_wq.jpg
2025-09-13 14:47:22,465:ERROR:Recognition error: Exception while loading C:\Users\DELL\AppData\Local\Temp\tmp0udna2w4.jpg
2025-09-13 14:47:22,578:ERROR:Recognition error: Exception while loading C:\Users\DELL\AppData\Local\Temp\tmpuo4924ha.jpg
2025-09-13 14:47:22,659:ERROR:Recognition error: Exception while loading C:\Users\DELL\AppData\Local\Temp\tmplhoicv01.jpg
2025-09-13 14:47:22,757:ERROR:Recognition error: Exception while loading C:\Users\DELL\AppData\Local\Temp\tmpeu5gltsu.jpg
2025-09-13 14:47:22,888:ERROR:Recognition error: Exception while loading C:\Users\DELL\AppData\Local\Temp\tmp2wq536dk.jpg
2025-09-13 14:47:22,968:ERROR:Recognition error: Exception while loading C:\Users\DELL\AppData\Local\Temp\tmpqdovliza.jpg
2025-09-13 14:47:23,050:ERROR:Recognition error: Exception while loading C:\Users\DELL\AppData\Local\Temp\tmprr4c33hp.jpg
2025-09-13 14:47:23,144:ERROR:Recognition error: Exception while loading C:\Users\DELL\AppData\Local\Temp\tmp7pxzm3is.jpg
2025-09-13 14:47:23,229:ERROR:Recognition error: Exception while loading C:\Users\DELL\AppData\Local\Temp\tmp2njt6_h_.jpg
2025-09-13 14:47:23,330:ERROR:Recognition error: Exception while loading C:\Users\DELL\AppData\Local\Temp\tmplvuwn0ie.jpg
2025-09-13 14:47:23,427:ERROR:Recognition error: Exception while loading C:\Users\DELL\AppData\Local\Temp\tmpv88v0eex.jpg
2025-09-13 14:47:23,527:ERROR:Recognition error: Exception while loading C:\Users\DELL\AppData\Local\Temp\tmpzn48ak_7.jpg
2025-09-13 14:47:23,610:ERROR:Recognition error: Exception while loading C:\Users\DELL\AppData\Local\Temp\tmpysnu5ubw.jpg
2025-09-13 14:47:23,697:ERROR:Recognition error: Exception while loading C:\Users\DELL\AppData\Local\Temp\tmptflvrx9n.jpg
2025-09-13 14:47:23,796:ERROR:Recognition error: Exception while loading C:\Users\DELL\AppData\Local\Temp\tmpuyvanagk.jpg
2025-09-13 14:47:23,880:ERROR:Recognition error: Exception while loading C:\Users\DELL\AppData\Local\Temp\tmp3u3enbm5.jpg
2025-09-13 14:47:23,979:ERROR:Recognition error: Exception while loading C:\Users\DELL\AppData\Local\Temp\tmpnxldhqc4.jpg
2025-09-13 14:47:24,063:ERROR:Recognition error: Exception while loading C:\Users\DELL\AppData\Local\Temp\tmpax2xdnkb.jpg
2025-09-13 14:47:24,150:ERROR:Recognition error: Exception while loading C:\Users\DELL\AppData\Local\Temp\tmp6p5wg8ma.jpg
2025-09-13 14:47:24,236:ERROR:Recognition error: Exception while loading C:\Users\DELL\AppData\Local\Temp\tmp3ooxipes.jpg
2025-09-13 14:47:24,334:ERROR:Recognition error: Exception while loading C:\Users\DELL\AppData\Local\Temp\tmpiw774g1f.jpg
2025-09-13 14:47:24,441:ERROR:Recognition error: Exception while loading C:\Users\DELL\AppData\Local\Temp\tmp8gtdqaow.jpg
2025-09-13 14:47:24,531:ERROR:Recognition error: Exception while loading C:\Users\DELL\AppData\Local\Temp\tmpvz24mwoc.jpg
2025-09-13 14:47:24,626:ERROR:Recognition error: Exception while loading C:\Users\DELL\AppData\Local\Temp\tmpkp3klwbl.jpg
2025-09-13 14:47:24,730:ERROR:Recognition error: Exception while loading C:\Users\DELL\AppData\Local\Temp\tmp9uxp25f5.jpg
2025-09-13 14:47:24,841:ERROR:Recognition error: Exception while loading C:\Users\DELL\AppData\Local\Temp\tmpobyoda8k.jpg
2025-09-13 14:47:24,936:ERROR:Recognition error: Exception while loading C:\Users\DELL\AppData\Local\Temp\tmprgcohudc.jpg
2025-09-13 14:47:25,037:ERROR:Recognition error: Exception while loading C:\Users\DELL\AppData\Local\Temp\tmpka6r0p43.jpg
2025-09-13 14:47:25,117:ERROR:Recognition error: Exception while loading C:\Users\DELL\AppData\Local\Temp\tmpf0gflt4i.jpg
2025-09-13 14:47:25,210:ERROR:Recognition error: Exception while loading C:\Users\DELL\AppData\Local\Temp\tmp2av99j9i.jpg
2025-09-13 14:47:25,308:ERROR:Recognition error: Exception while loading C:\Users\DELL\AppData\Local\Temp\tmpyfurc3h7.jpg
2025-09-13 14:47:25,418:ERROR:Recognition error: Exception while loading C:\Users\DELL\AppData\Local\Temp\tmpovj2emrm.jpg
2025-09-13 14:47:25,517:ERROR:Recognition error: Exception while loading C:\Users\DELL\AppData\Local\Temp\tmpu56i1f4_.jpg
2025-09-13 14:47:25,610:ERROR:Recognition error: Exception while loading C:\Users\DELL\AppData\Local\Temp\tmp354s4jb6.jpg
2025-09-13 14:47:25,695:ERROR:Recognition error: Exception while loading C:\Users\DELL\AppData\Local\Temp\tmp01_bjc8g.jpg
2025-09-13 14:47:25,794:ERROR:Recognition error: Exception while loading C:\Users\DELL\AppData\Local\Temp\tmpihl2ruvt.jpg
2025-09-13 14:47:25,906:ERROR:Recognition error: Exception while loading C:\Users\DELL\AppData\Local\Temp\tmpif62mkxy.jpg
2025-09-13 14:47:26,008:ERROR:Recognition error: Exception while loading C:\Users\DELL\AppData\Local\Temp\tmpg52z9z8a.jpg
2025-09-13 14:47:26,107:ERROR:Recognition error: Exception while loading C:\Users\DELL\AppData\Local\Temp\tmpee3uoobb.jpg
2025-09-13 14:47:26,207:ERROR:Recognition error: Exception while loading C:\Users\DELL\AppData\Local\Temp\tmpj708khtc.jpg
2025-09-13 14:47:26,300:ERROR:Recognition error: Exception while loading C:\Users\DELL\AppData\Local\Temp\tmpws3hijnf.jpg
2025-09-13 14:47:26,383:ERROR:Recognition error: Exception while loading C:\Users\DELL\AppData\Local\Temp\tmpk3arwb64.jpg
2025-09-13 14:47:26,469:ERROR:Recognition error: Exception while loading C:\Users\DELL\AppData\Local\Temp\tmpa7qebo40.jpg
2025-09-13 14:47:26,566:ERROR:Recognition error: Exception while loading C:\Users\DELL\AppData\Local\Temp\tmp8t736h_u.jpg
2025-09-13 14:47:26,650:ERROR:Recognition error: Exception while loading C:\Users\DELL\AppData\Local\Temp\tmp7479q29t.jpg
2025-09-13 14:47:26,745:ERROR:Recognition error: Exception while loading C:\Users\DELL\AppData\Local\Temp\tmpwflmmy_i.jpg
2025-09-13 14:47:26,842:ERROR:Recognition error: Exception while loading C:\Users\DELL\AppData\Local\Temp\tmpx30jr1ax.jpg
2025-09-13 14:47:26,918:ERROR:Recognition error: Exception while loading C:\Users\DELL\AppData\Local\Temp\tmpo49g6dqz.jpg
2025-09-13 14:47:27,027:ERROR:Recognition error: Exception while loading C:\Users\DELL\AppData\Local\Temp\tmp35jukge4.jpg
2025-09-13 14:47:27,115:ERROR:Recognition error: Exception while loading C:\Users\DELL\AppData\Local\Temp\tmp_imaaeke.jpg
2025-09-13 14:47:27,198:ERROR:Recognition error: Exception while loading C:\Users\DELL\AppData\Local\Temp\tmpk1fahrr1.jpg
2025-09-13 14:47:27,282:ERROR:Recognition error: Exception while loading C:\Users\DELL\AppData\Local\Temp\tmphv22p17m.jpg
2025-09-13 14:47:27,366:ERROR:Recognition error: Exception while loading C:\Users\DELL\AppData\Local\Temp\tmpt09stv8a.jpg
2025-09-13 14:47:27,463:ERROR:Recognition error: Exception while loading C:\Users\DELL\AppData\Local\Temp\tmp7yurta0j.jpg
2025-09-13 14:47:27,560:ERROR:Recognition error: Exception while loading C:\Users\DELL\AppData\Local\Temp\tmpmujd7s5h.jpg
2025-09-13 14:47:27,662:ERROR:Recognition error: Exception while loading C:\Users\DELL\AppData\Local\Temp\tmpvhvz8a31.jpg
2025-09-13 14:47:27,766:ERROR:Recognition error: Exception while loading C:\Users\DELL\AppData\Local\Temp\tmpiydpt097.jpg
2025-09-13 14:47:27,852:ERROR:Recognition error: Exception while loading C:\Users\DELL\AppData\Local\Temp\tmp83glbj9k.jpg
2025-09-13 14:47:27,949:ERROR:Recognition error: Exception while loading C:\Users\DELL\AppData\Local\Temp\tmpxqixyhgf.jpg
2025-09-13 14:47:28,037:ERROR:Recognition error: Exception while loading C:\Users\DELL\AppData\Local\Temp\tmptojpojey.jpg
2025-09-13 14:47:28,141:ERROR:Recognition error: Exception while loading C:\Users\DELL\AppData\Local\Temp\tmpv7j5tzqe.jpg
2025-09-13 14:47:28,243:ERROR:Recognition error: Exception while loading C:\Users\DELL\AppData\Local\Temp\tmpxeu5mu78.jpg
2025-09-13 14:47:28,357:ERROR:Recognition error: Exception while loading C:\Users\DELL\AppData\Local\Temp\tmpzxzjv17k.jpg
2025-09-13 14:47:28,443:ERROR:Recognition error: Exception while loading C:\Users\DELL\AppData\Local\Temp\tmpotk5mvvl.jpg
2025-09-13 14:47:28,556:ERROR:Recognition error: Exception while loading C:\Users\DELL\AppData\Local\Temp\tmp528bx4a2.jpg
2025-09-13 14:47:28,677:ERROR:Recognition error: Exception while loading C:\Users\DELL\AppData\Local\Temp\tmpucal0rc4.jpg
2025-09-13 14:47:28,763:ERROR:Recognition error: Exception while loading C:\Users\DELL\AppData\Local\Temp\tmp9_45ijsp.jpg
2025-09-13 14:47:28,841:ERROR:Recognition error: Exception while loading C:\Users\DELL\AppData\Local\Temp\tmpkcb5pert.jpg
2025-09-13 14:47:28,940:ERROR:Recognition error: Exception while loading C:\Users\DELL\AppData\Local\Temp\tmpr2ol1k59.jpg
2025-09-13 14:47:29,028:ERROR:Recognition error: Exception while loading C:\Users\DELL\AppData\Local\Temp\tmp7u5o49wr.jpg
2025-09-13 14:47:29,119:ERROR:Recognition error: Exception while loading C:\Users\DELL\AppData\Local\Temp\tmp95i_7lpo.jpg
2025-09-13 14:47:29,235:ERROR:Recognition error: Exception while loading C:\Users\DELL\AppData\Local\Temp\tmp1xclkyc5.jpg
2025-09-13 14:47:29,331:ERROR:Recognition error: Exception while loading C:\Users\DELL\AppData\Local\Temp\tmpw3htioa_.jpg
2025-09-13 14:47:29,437:ERROR:Recognition error: Exception while loading C:\Users\DELL\AppData\Local\Temp\tmpfl_ackkl.jpg
2025-09-13 14:47:29,541:ERROR:Recognition error: Exception while loading C:\Users\DELL\AppData\Local\Temp\tmpazbn4_wb.jpg
2025-09-13 14:47:29,650:ERROR:Recognition error: Exception while loading C:\Users\DELL\AppData\Local\Temp\tmpec5cfsa_.jpg
2025-09-13 14:47:29,740:ERROR:Recognition error: Exception while loading C:\Users\DELL\AppData\Local\Temp\tmpwc2sfqpv.jpg
2025-09-13 14:47:29,850:ERROR:Recognition error: Exception while loading C:\Users\DELL\AppData\Local\Temp\tmpknck1_gf.jpg
2025-09-13 14:47:29,934:ERROR:Recognition error: Exception while loading C:\Users\DELL\AppData\Local\Temp\tmpw8d0yt63.jpg
2025-09-13 14:47:30,013:ERROR:Recognition error: Exception while loading C:\Users\DELL\AppData\Local\Temp\tmp9in30zuf.jpg
2025-09-13 14:47:30,097:ERROR:Recognition error: Exception while loading C:\Users\DELL\AppData\Local\Temp\tmpo8f8d_77.jpg
2025-09-13 14:47:30,204:ERROR:Recognition error: Exception while loading C:\Users\DELL\AppData\Local\Temp\tmpb0geyg5c.jpg
2025-09-13 14:47:30,308:ERROR:Recognition error: Exception while loading C:\Users\DELL\AppData\Local\Temp\tmp17ynz6jx.jpg
2025-09-13 14:47:30,406:ERROR:Recognition error: Exception while loading C:\Users\DELL\AppData\Local\Temp\tmpijovm9kd.jpg
2025-09-13 14:47:30,502:ERROR:Recognition error: Exception while loading C:\Users\DELL\AppData\Local\Temp\tmp_p24ifso.jpg
2025-09-13 14:47:30,607:ERROR:Recognition error: Exception while loading C:\Users\DELL\AppData\Local\Temp\tmpiwmxlbhr.jpg
2025-09-13 14:47:30,706:ERROR:Recognition error: Exception while loading C:\Users\DELL\AppData\Local\Temp\tmpzkun8rm7.jpg
2025-09-13 14:47:30,812:ERROR:Recognition error: Exception while loading C:\Users\DELL\AppData\Local\Temp\tmpb8myi8ft.jpg
2025-09-13 14:47:30,900:ERROR:Recognition error: Exception while loading C:\Users\DELL\AppData\Local\Temp\tmpj0zo57g_.jpg
2025-09-13 14:47:31,012:ERROR:Recognition error: Exception while loading C:\Users\DELL\AppData\Local\Temp\tmpnquow4r2.jpg
2025-09-13 14:47:31,105:ERROR:Recognition error: Exception while loading C:\Users\DELL\AppData\Local\Temp\tmpsowiwhld.jpg
2025-09-13 14:47:31,190:ERROR:Recognition error: Exception while loading C:\Users\DELL\AppData\Local\Temp\tmpq3cyac5m.jpg
2025-09-13 14:47:31,291:ERROR:Recognition error: Exception while loading C:\Users\DELL\AppData\Local\Temp\tmppot518al.jpg
2025-09-13 14:47:31,371:ERROR:Recognition error: Exception while loading C:\Users\DELL\AppData\Local\Temp\tmpcdkfz8hq.jpg
2025-09-13 14:47:31,471:ERROR:Recognition error: Exception while loading C:\Users\DELL\AppData\Local\Temp\tmpgmcksvx8.jpg
2025-09-13 14:47:31,578:ERROR:Recognition error: Exception while loading C:\Users\DELL\AppData\Local\Temp\tmpdy7gp27o.jpg
2025-09-13 14:47:31,674:ERROR:Recognition error: Exception while loading C:\Users\DELL\AppData\Local\Temp\tmprocftf_b.jpg
2025-09-13 14:47:31,771:ERROR:Recognition error: Exception while loading C:\Users\DELL\AppData\Local\Temp\tmpoxi_0tol.jpg
2025-09-13 14:47:31,863:ERROR:Recognition error: Exception while loading C:\Users\DELL\AppData\Local\Temp\tmp0bw8d9kh.jpg
2025-09-13 14:47:31,973:ERROR:Recognition error: Exception while loading C:\Users\DELL\AppData\Local\Temp\tmpx2u_xbha.jpg
2025-09-13 14:47:32,066:ERROR:Recognition error: Exception while loading C:\Users\DELL\AppData\Local\Temp\tmpvluj2s7k.jpg
2025-09-13 14:47:32,159:ERROR:Recognition error: Exception while loading C:\Users\DELL\AppData\Local\Temp\tmpwrhrx1fj.jpg
2025-09-13 14:47:32,240:ERROR:Recognition error: Exception while loading C:\Users\DELL\AppData\Local\Temp\tmpa4te72bl.jpg
2025-09-13 14:47:32,340:ERROR:Recognition error: Exception while loading C:\Users\DELL\AppData\Local\Temp\tmp2mtk2_4j.jpg
2025-09-13 14:47:32,432:ERROR:Recognition error: Exception while loading C:\Users\DELL\AppData\Local\Temp\tmpu1e2fai4.jpg
2025-09-13 14:47:32,541:ERROR:Recognition error: Exception while loading C:\Users\DELL\AppData\Local\Temp\tmp_712r8n8.jpg
2025-09-13 14:47:32,638:ERROR:Recognition error: Exception while loading C:\Users\DELL\AppData\Local\Temp\tmp37qkrmth.jpg
2025-09-13 14:47:32,722:ERROR:Recognition error: Exception while loading C:\Users\DELL\AppData\Local\Temp\tmp2io8ved_.jpg
2025-09-13 14:47:32,813:ERROR:Recognition error: Exception while loading C:\Users\DELL\AppData\Local\Temp\tmpqvlrkj3_.jpg
2025-09-13 14:47:32,900:ERROR:Recognition error: Exception while loading C:\Users\DELL\AppData\Local\Temp\tmp16f5sli1.jpg
2025-09-13 14:47:32,988:ERROR:Recognition error: Exception while loading C:\Users\DELL\AppData\Local\Temp\tmpustgi6up.jpg
2025-09-13 14:47:33,071:ERROR:Recognition error: Exception while loading C:\Users\DELL\AppData\Local\Temp\tmpmjvlflbz.jpg
2025-09-13 14:47:33,141:ERROR:Recognition error: Exception while loading C:\Users\DELL\AppData\Local\Temp\tmp32dgpgxt.jpg
2025-09-13 14:47:33,236:ERROR:Recognition error: Exception while loading C:\Users\DELL\AppData\Local\Temp\tmpyuidnwti.jpg
2025-09-13 14:47:33,320:ERROR:Recognition error: Exception while loading C:\Users\DELL\AppData\Local\Temp\tmp0jlm_my3.jpg
2025-09-13 14:47:33,419:ERROR:Recognition error: Exception while loading C:\Users\DELL\AppData\Local\Temp\tmph8h_khyw.jpg
2025-09-13 14:47:33,503:ERROR:Recognition error: Exception while loading C:\Users\DELL\AppData\Local\Temp\tmpi8fvz4to.jpg
2025-09-13 14:47:33,597:ERROR:Recognition error: Exception while loading C:\Users\DELL\AppData\Local\Temp\tmpmkb5yqj7.jpg
2025-09-13 14:47:33,690:ERROR:Recognition error: Exception while loading C:\Users\DELL\AppData\Local\Temp\tmphvo7f4q_.jpg
2025-09-13 14:47:33,724:DEBUG:Releasing camera capture on frame clear
2025-09-13 14:47:34,048:WARNING:Camera capture object not initialized or released
2025-09-13 14:47:39,715:INFO:Webcam successfully opened
2025-09-13 14:47:40,144:ERROR:Recognition error: Exception while loading C:\Users\DELL\AppData\Local\Temp\tmpvq7zo_q5.jpg
2025-09-13 14:47:40,234:ERROR:Recognition error: Exception while loading C:\Users\DELL\AppData\Local\Temp\tmpp_gseuqz.jpg
2025-09-13 14:47:40,332:ERROR:Recognition error: Exception while loading C:\Users\DELL\AppData\Local\Temp\tmph4gei_md.jpg
2025-09-13 14:47:40,438:ERROR:Recognition error: Exception while loading C:\Users\DELL\AppData\Local\Temp\tmpawikihpc.jpg
2025-09-13 14:47:40,526:ERROR:Recognition error: Exception while loading C:\Users\DELL\AppData\Local\Temp\tmpu55dspyn.jpg
2025-09-13 14:47:40,628:ERROR:Recognition error: Exception while loading C:\Users\DELL\AppData\Local\Temp\tmp707r_jvq.jpg
2025-09-13 14:47:40,730:ERROR:Recognition error: Exception while loading C:\Users\DELL\AppData\Local\Temp\tmpeuk210wu.jpg
2025-09-13 14:47:40,812:ERROR:Recognition error: Exception while loading C:\Users\DELL\AppData\Local\Temp\tmp8hjvj3yw.jpg
2025-09-13 14:47:40,901:ERROR:Recognition error: Exception while loading C:\Users\DELL\AppData\Local\Temp\tmpryk90dch.jpg
2025-09-13 14:47:41,017:ERROR:Recognition error: Exception while loading C:\Users\DELL\AppData\Local\Temp\tmpovt6b6vp.jpg
2025-09-13 14:47:41,109:ERROR:Recognition error: Exception while loading C:\Users\DELL\AppData\Local\Temp\tmpqvi0cua8.jpg
2025-09-13 14:47:41,203:ERROR:Recognition error: Exception while loading C:\Users\DELL\AppData\Local\Temp\tmpf919qr8k.jpg
2025-09-13 14:47:41,297:ERROR:Recognition error: Exception while loading C:\Users\DELL\AppData\Local\Temp\tmpwf8tqtzb.jpg
2025-09-13 14:47:41,381:ERROR:Recognition error: Exception while loading C:\Users\DELL\AppData\Local\Temp\tmptbf1ja02.jpg
2025-09-13 14:47:41,460:ERROR:Recognition error: Exception while loading C:\Users\DELL\AppData\Local\Temp\tmpyjh5w0m4.jpg
2025-09-13 14:47:41,531:ERROR:Recognition error: Exception while loading C:\Users\DELL\AppData\Local\Temp\tmpbdlz3w3i.jpg
2025-09-13 14:47:41,619:ERROR:Recognition error: Exception while loading C:\Users\DELL\AppData\Local\Temp\tmpty4d1p0c.jpg
2025-09-13 14:47:41,716:ERROR:Recognition error: Exception while loading C:\Users\DELL\AppData\Local\Temp\tmpd1no01tv.jpg
2025-09-13 14:47:41,795:ERROR:Recognition error: Exception while loading C:\Users\DELL\AppData\Local\Temp\tmpugfnxrsi.jpg
2025-09-13 14:47:41,884:ERROR:Recognition error: Exception while loading C:\Users\DELL\AppData\Local\Temp\tmpn4z57fy6.jpg
2025-09-13 14:47:41,968:ERROR:Recognition error: Exception while loading C:\Users\DELL\AppData\Local\Temp\tmp50fm17n7.jpg
2025-09-13 14:47:42,048:ERROR:Recognition error: Exception while loading C:\Users\DELL\AppData\Local\Temp\tmpxlr8cjq1.jpg
2025-09-13 14:47:42,134:ERROR:Recognition error: Exception while loading C:\Users\DELL\AppData\Local\Temp\tmpj6_mxo5a.jpg
2025-09-13 14:47:42,209:ERROR:Recognition error: Exception while loading C:\Users\DELL\AppData\Local\Temp\tmpj9fpxyvq.jpg
2025-09-13 14:47:42,307:ERROR:Recognition error: Exception while loading C:\Users\DELL\AppData\Local\Temp\tmpjmhybk_w.jpg
2025-09-13 14:47:42,393:ERROR:Recognition error: Exception while loading C:\Users\DELL\AppData\Local\Temp\tmp_a13ym64.jpg
2025-09-13 14:47:42,478:ERROR:Recognition error: Exception while loading C:\Users\DELL\AppData\Local\Temp\tmprfaoo00b.jpg
2025-09-13 14:47:42,577:ERROR:Recognition error: Exception while loading C:\Users\DELL\AppData\Local\Temp\tmpx7rh8eh9.jpg
2025-09-13 14:47:42,686:ERROR:Recognition error: Exception while loading C:\Users\DELL\AppData\Local\Temp\tmpaief6_z5.jpg
2025-09-13 14:47:42,783:ERROR:Recognition error: Exception while loading C:\Users\DELL\AppData\Local\Temp\tmp33ouuwbb.jpg
2025-09-13 14:47:42,879:ERROR:Recognition error: Exception while loading C:\Users\DELL\AppData\Local\Temp\tmpe5rau89o.jpg
2025-09-13 14:47:42,991:ERROR:Recognition error: Exception while loading C:\Users\DELL\AppData\Local\Temp\tmpjis_c61z.jpg
2025-09-13 14:47:43,071:ERROR:Recognition error: Exception while loading C:\Users\DELL\AppData\Local\Temp\tmpqxmn_b6w.jpg
2025-09-13 14:47:43,140:ERROR:Recognition error: Exception while loading C:\Users\DELL\AppData\Local\Temp\tmpwiujw__l.jpg
2025-09-13 14:47:43,234:ERROR:Recognition error: Exception while loading C:\Users\DELL\AppData\Local\Temp\tmpghpppxo3.jpg
2025-09-13 14:47:43,340:ERROR:Recognition error: Exception while loading C:\Users\DELL\AppData\Local\Temp\tmps56znupx.jpg
2025-09-13 14:47:43,428:ERROR:Recognition error: Exception while loading C:\Users\DELL\AppData\Local\Temp\tmplc52oqfp.jpg
2025-09-13 14:47:43,525:ERROR:Recognition error: Exception while loading C:\Users\DELL\AppData\Local\Temp\tmptw8kmihe.jpg
2025-09-13 14:47:43,624:ERROR:Recognition error: Exception while loading C:\Users\DELL\AppData\Local\Temp\tmpvzrrquy2.jpg
2025-09-13 14:47:43,719:ERROR:Recognition error: Exception while loading C:\Users\DELL\AppData\Local\Temp\tmpsh9x75lw.jpg
2025-09-13 14:47:43,818:ERROR:Recognition error: Exception while loading C:\Users\DELL\AppData\Local\Temp\tmplwik6sf5.jpg
2025-09-13 14:47:43,914:ERROR:Recognition error: Exception while loading C:\Users\DELL\AppData\Local\Temp\tmpghrxw7pt.jpg
2025-09-13 14:47:44,013:ERROR:Recognition error: Exception while loading C:\Users\DELL\AppData\Local\Temp\tmpb4omm7us.jpg
2025-09-13 14:47:44,101:ERROR:Recognition error: Exception while loading C:\Users\DELL\AppData\Local\Temp\tmpt3o5tmpp.jpg
2025-09-13 14:47:44,182:ERROR:Recognition error: Exception while loading C:\Users\DELL\AppData\Local\Temp\tmprqx65upw.jpg
2025-09-13 14:47:44,270:ERROR:Recognition error: Exception while loading C:\Users\DELL\AppData\Local\Temp\tmpe48ol0h3.jpg
2025-09-13 14:47:44,355:ERROR:Recognition error: Exception while loading C:\Users\DELL\AppData\Local\Temp\tmpbh9h2162.jpg
2025-09-13 14:47:44,453:ERROR:Recognition error: Exception while loading C:\Users\DELL\AppData\Local\Temp\tmpep9ulxhx.jpg
2025-09-13 14:47:44,525:ERROR:Recognition error: Exception while loading C:\Users\DELL\AppData\Local\Temp\tmpy4tagn3o.jpg
2025-09-13 14:47:44,606:ERROR:Recognition error: Exception while loading C:\Users\DELL\AppData\Local\Temp\tmprnzlx3fz.jpg
2025-09-13 14:47:44,687:ERROR:Recognition error: Exception while loading C:\Users\DELL\AppData\Local\Temp\tmp34i8snxr.jpg
2025-09-13 14:47:44,762:ERROR:Recognition error: Exception while loading C:\Users\DELL\AppData\Local\Temp\tmp7g947fx5.jpg
2025-09-13 14:47:44,845:ERROR:Recognition error: Exception while loading C:\Users\DELL\AppData\Local\Temp\tmpblanwvp7.jpg
2025-09-13 14:47:44,941:ERROR:Recognition error: Exception while loading C:\Users\DELL\AppData\Local\Temp\tmp9ug68cyc.jpg
2025-09-13 14:47:45,027:ERROR:Recognition error: Exception while loading C:\Users\DELL\AppData\Local\Temp\tmpaqdot4i4.jpg
2025-09-13 14:47:45,122:ERROR:Recognition error: Exception while loading C:\Users\DELL\AppData\Local\Temp\tmpu52ixizi.jpg
2025-09-13 14:47:45,214:ERROR:Recognition error: Exception while loading C:\Users\DELL\AppData\Local\Temp\tmpdfq8uglv.jpg
2025-09-13 14:47:45,299:ERROR:Recognition error: Exception while loading C:\Users\DELL\AppData\Local\Temp\tmpgeyto27s.jpg
2025-09-13 14:47:45,393:ERROR:Recognition error: Exception while loading C:\Users\DELL\AppData\Local\Temp\tmp9wczw91i.jpg
2025-09-13 14:47:45,503:ERROR:Recognition error: Exception while loading C:\Users\DELL\AppData\Local\Temp\tmppq6mf35z.jpg
2025-09-13 14:47:45,607:ERROR:Recognition error: Exception while loading C:\Users\DELL\AppData\Local\Temp\tmp3h3tbgx5.jpg
2025-09-13 14:47:45,691:ERROR:Recognition error: Exception while loading C:\Users\DELL\AppData\Local\Temp\tmp4w3r8u7l.jpg
2025-09-13 14:47:45,809:ERROR:Recognition error: Exception while loading C:\Users\DELL\AppData\Local\Temp\tmpqnsw6hcq.jpg
2025-09-13 14:47:45,908:ERROR:Recognition error: Exception while loading C:\Users\DELL\AppData\Local\Temp\tmpid4tvouv.jpg
2025-09-13 14:47:46,003:ERROR:Recognition error: Exception while loading C:\Users\DELL\AppData\Local\Temp\tmpfj0_wg0t.jpg
2025-09-13 14:47:46,116:ERROR:Recognition error: Exception while loading C:\Users\DELL\AppData\Local\Temp\tmpdry1y1w1.jpg
2025-09-13 14:47:46,200:ERROR:Recognition error: Exception while loading C:\Users\DELL\AppData\Local\Temp\tmpoq4fvhml.jpg
2025-09-13 14:47:46,291:ERROR:Recognition error: Exception while loading C:\Users\DELL\AppData\Local\Temp\tmpdrvsrnu7.jpg
2025-09-13 14:47:46,377:ERROR:Recognition error: Exception while loading C:\Users\DELL\AppData\Local\Temp\tmpv54fwph9.jpg
2025-09-13 14:47:46,468:ERROR:Recognition error: Exception while loading C:\Users\DELL\AppData\Local\Temp\tmpvlwm1kyt.jpg
2025-09-13 14:47:46,549:ERROR:Recognition error: Exception while loading C:\Users\DELL\AppData\Local\Temp\tmp92l4s8qc.jpg
2025-09-13 14:47:46,633:ERROR:Recognition error: Exception while loading C:\Users\DELL\AppData\Local\Temp\tmpqkl8a0b5.jpg
2025-09-13 14:47:46,722:ERROR:Recognition error: Exception while loading C:\Users\DELL\AppData\Local\Temp\tmpv1e4xcce.jpg
2025-09-13 14:47:46,835:ERROR:Recognition error: Exception while loading C:\Users\DELL\AppData\Local\Temp\tmp_7orp23f.jpg
2025-09-13 14:47:46,924:ERROR:Recognition error: Exception while loading C:\Users\DELL\AppData\Local\Temp\tmpsplwa3_q.jpg
2025-09-13 14:47:47,027:ERROR:Recognition error: Exception while loading C:\Users\DELL\AppData\Local\Temp\tmpxedozs9f.jpg
2025-09-13 14:47:47,115:ERROR:Recognition error: Exception while loading C:\Users\DELL\AppData\Local\Temp\tmp7w_09hz_.jpg
2025-09-13 14:47:47,207:ERROR:Recognition error: Exception while loading C:\Users\DELL\AppData\Local\Temp\tmp2n4m4r5h.jpg
2025-09-13 14:47:47,300:ERROR:Recognition error: Exception while loading C:\Users\DELL\AppData\Local\Temp\tmp7ztjwqn7.jpg
2025-09-13 14:47:47,386:ERROR:Recognition error: Exception while loading C:\Users\DELL\AppData\Local\Temp\tmpcei3t8pl.jpg
2025-09-13 14:47:47,476:ERROR:Recognition error: Exception while loading C:\Users\DELL\AppData\Local\Temp\tmpeq0ob1l9.jpg
2025-09-13 14:47:47,560:ERROR:Recognition error: Exception while loading C:\Users\DELL\AppData\Local\Temp\tmpv6s9__pm.jpg
2025-09-13 14:47:47,646:ERROR:Recognition error: Exception while loading C:\Users\DELL\AppData\Local\Temp\tmpvf_pu6s4.jpg
2025-09-13 14:47:47,738:ERROR:Recognition error: Exception while loading C:\Users\DELL\AppData\Local\Temp\tmp78qjjcuv.jpg
2025-09-13 14:47:47,825:ERROR:Recognition error: Exception while loading C:\Users\DELL\AppData\Local\Temp\tmp4tbnhedl.jpg
2025-09-13 14:47:47,922:ERROR:Recognition error: Exception while loading C:\Users\DELL\AppData\Local\Temp\tmp1a9x6wok.jpg
2025-09-13 14:47:48,011:ERROR:Recognition error: Exception while loading C:\Users\DELL\AppData\Local\Temp\tmpi92k23w9.jpg
2025-09-13 14:47:48,090:ERROR:Recognition error: Exception while loading C:\Users\DELL\AppData\Local\Temp\tmpgq_4v45h.jpg
2025-09-13 14:47:48,200:ERROR:Recognition error: Exception while loading C:\Users\DELL\AppData\Local\Temp\tmpejnqsn0s.jpg
2025-09-13 14:47:48,291:ERROR:Recognition error: Exception while loading C:\Users\DELL\AppData\Local\Temp\tmpt9yhq90f.jpg
2025-09-13 14:47:48,407:ERROR:Recognition error: Exception while loading C:\Users\DELL\AppData\Local\Temp\tmpejpm8mpz.jpg
2025-09-13 14:47:48,495:ERROR:Recognition error: Exception while loading C:\Users\DELL\AppData\Local\Temp\tmpo5642njl.jpg
2025-09-13 14:47:48,622:ERROR:Recognition error: Exception while loading C:\Users\DELL\AppData\Local\Temp\tmp3st511s8.jpg
2025-09-13 14:47:48,707:ERROR:Recognition error: Exception while loading C:\Users\DELL\AppData\Local\Temp\tmpkfdxslp9.jpg
2025-09-13 14:47:48,837:ERROR:Recognition error: Exception while loading C:\Users\DELL\AppData\Local\Temp\tmpdaph5_t_.jpg
2025-09-13 14:47:48,924:ERROR:Recognition error: Exception while loading C:\Users\DELL\AppData\Local\Temp\tmpgi0jj428.jpg
2025-09-13 14:47:49,017:ERROR:Recognition error: Exception while loading C:\Users\DELL\AppData\Local\Temp\tmp7pgmekyz.jpg
2025-09-13 14:47:49,099:ERROR:Recognition error: Exception while loading C:\Users\DELL\AppData\Local\Temp\tmpa751_9sh.jpg
2025-09-13 14:47:49,200:ERROR:Recognition error: Exception while loading C:\Users\DELL\AppData\Local\Temp\tmpjvb9t4lp.jpg
2025-09-13 14:47:49,296:ERROR:Recognition error: Exception while loading C:\Users\DELL\AppData\Local\Temp\tmpi8zv939z.jpg
2025-09-13 14:47:49,363:ERROR:Recognition error: Exception while loading C:\Users\DELL\AppData\Local\Temp\tmprc5g9v46.jpg
2025-09-13 14:47:49,461:ERROR:Recognition error: Exception while loading C:\Users\DELL\AppData\Local\Temp\tmp42qf_xe2.jpg
2025-09-13 14:47:49,565:ERROR:Recognition error: Exception while loading C:\Users\DELL\AppData\Local\Temp\tmpde3bzq8i.jpg
2025-09-13 14:47:49,658:ERROR:Recognition error: Exception while loading C:\Users\DELL\AppData\Local\Temp\tmprjsrnvf0.jpg
2025-09-13 14:47:49,741:ERROR:Recognition error: Exception while loading C:\Users\DELL\AppData\Local\Temp\tmplgzkvlgx.jpg
2025-09-13 14:47:49,827:ERROR:Recognition error: Exception while loading C:\Users\DELL\AppData\Local\Temp\tmpoqpvu5xc.jpg
2025-09-13 14:47:49,909:ERROR:Recognition error: Exception while loading C:\Users\DELL\AppData\Local\Temp\tmpr07kbrb7.jpg
2025-09-13 14:47:49,992:ERROR:Recognition error: Exception while loading C:\Users\DELL\AppData\Local\Temp\tmpwszpqqwy.jpg
2025-09-13 14:47:50,099:ERROR:Recognition error: Exception while loading C:\Users\DELL\AppData\Local\Temp\tmpor8gyrl9.jpg
2025-09-13 14:47:50,184:ERROR:Recognition error: Exception while loading C:\Users\DELL\AppData\Local\Temp\tmpwzhdj7r9.jpg
2025-09-13 14:47:50,266:ERROR:Recognition error: Exception while loading C:\Users\DELL\AppData\Local\Temp\tmpfeknz9gr.jpg
2025-09-13 14:47:50,352:ERROR:Recognition error: Exception while loading C:\Users\DELL\AppData\Local\Temp\tmpcbltcvo8.jpg
2025-09-13 14:47:50,452:ERROR:Recognition error: Exception while loading C:\Users\DELL\AppData\Local\Temp\tmpr94gdzr4.jpg
2025-09-13 14:47:50,549:ERROR:Recognition error: Exception while loading C:\Users\DELL\AppData\Local\Temp\tmpfqc0qyjo.jpg
2025-09-13 14:47:50,632:ERROR:Recognition error: Exception while loading C:\Users\DELL\AppData\Local\Temp\tmp89wpkk98.jpg
2025-09-13 14:47:50,720:ERROR:Recognition error: Exception while loading C:\Users\DELL\AppData\Local\Temp\tmp3qzr7516.jpg
2025-09-13 14:47:50,818:ERROR:Recognition error: Exception while loading C:\Users\DELL\AppData\Local\Temp\tmp165c1vu9.jpg
2025-09-13 14:47:50,903:ERROR:Recognition error: Exception while loading C:\Users\DELL\AppData\Local\Temp\tmpfyyljlcw.jpg
2025-09-13 14:47:50,999:ERROR:Recognition error: Exception while loading C:\Users\DELL\AppData\Local\Temp\tmpodjv6ywh.jpg
2025-09-13 14:47:51,088:ERROR:Recognition error: Exception while loading C:\Users\DELL\AppData\Local\Temp\tmprvklgpr9.jpg
2025-09-13 14:47:51,179:ERROR:Recognition error: Exception while loading C:\Users\DELL\AppData\Local\Temp\tmpjr1_wf02.jpg
2025-09-13 14:47:51,258:ERROR:Recognition error: Exception while loading C:\Users\DELL\AppData\Local\Temp\tmpw66zd_jj.jpg
2025-09-13 14:47:51,370:ERROR:Recognition error: Exception while loading C:\Users\DELL\AppData\Local\Temp\tmpnklb0jr8.jpg
2025-09-13 14:47:51,477:ERROR:Recognition error: Exception while loading C:\Users\DELL\AppData\Local\Temp\tmpzy91ll_d.jpg
2025-09-13 14:47:51,594:ERROR:Recognition error: Exception while loading C:\Users\DELL\AppData\Local\Temp\tmpsbbqiktu.jpg
2025-09-13 14:47:51,683:ERROR:Recognition error: Exception while loading C:\Users\DELL\AppData\Local\Temp\tmpm1q780v5.jpg
2025-09-13 14:47:51,781:ERROR:Recognition error: Exception while loading C:\Users\DELL\AppData\Local\Temp\tmpfjcoln3n.jpg
2025-09-13 14:47:51,877:ERROR:Recognition error: Exception while loading C:\Users\DELL\AppData\Local\Temp\tmp5i4grx7m.jpg
2025-09-13 14:47:51,958:ERROR:Recognition error: Exception while loading C:\Users\DELL\AppData\Local\Temp\tmpkjw36lo6.jpg
2025-09-13 14:47:52,052:ERROR:Recognition error: Exception while loading C:\Users\DELL\AppData\Local\Temp\tmp7uzv5mp2.jpg
2025-09-13 14:47:52,148:ERROR:Recognition error: Exception while loading C:\Users\DELL\AppData\Local\Temp\tmpquit2vdj.jpg
2025-09-13 14:47:52,193:DEBUG:Releasing camera on app close
2025-09-13 14:51:15,000:DEBUG:Creating converter from 3 to 5
2025-09-13 15:02:52,725:DEBUG:Creating converter from 3 to 5
2025-09-13 15:59:34,356:DEBUG:Creating converter from 3 to 5
2025-09-13 18:23:50,946:DEBUG:Creating converter from 3 to 5
